2023-04-19 14:50:40.319 INFO [restartedMain:c.a.n.c.naming] initializer namespace from System Property : null
2023-04-19 14:50:40.319 INFO [restartedMain:c.a.n.c.naming] initializer namespace from System Environment :null
2023-04-19 14:50:40.319 INFO [restartedMain:c.a.n.c.naming] initializer namespace from System Property :null
2023-04-19 14:50:40.527 INFO [com.alibaba.nacos.client.remote.worker:c.a.n.c.naming] Grpc connection connect
2023-04-19 14:50:40.639 INFO [restartedMain:c.a.n.c.naming] [REGISTER-SERVICE] public registering service consumers:project.com.example.project.UserService:: with instance Instance{instanceId='null', ip='192.168.3.14', port=0, weight=1.0, healthy=true, enabled=true, ephemeral=true, clusterName='null', serviceName='null', metadata={side=consumer, release=3.0.9, methods=removeById,lambdaQuery,ktQuery,removeByMap,listByIds,userRegister,updateBatchById,userLogout,saveOrUpdate,query,count,listObjs,isAdmin,list,getMap,getEntityClass,getById,getOne,page,ktUpdate,save,update,getObj,removeBatchByIds,saveOrUpdateBatch,getSafetyUser,remove,getBaseMapper,removeByIds,lambdaUpdate,listMaps,saveBatch,userAdd,getLoginUser,updateById,userLogin,pageMaps,listByMap, dubbo=2.0.2, pid=11256, check=false, interface=project.com.example.project.UserService, path=project.com.example.project.UserService, protocol=consumer, application=dubbo-springboot-user-consumer, background=false, sticky=false, category=consumers, timestamp=1681887039511}}
2023-04-19 14:50:40.679 INFO [restartedMain:c.a.n.c.naming] [SUBSCRIBE-SERVICE] service:providers:project.com.example.project.UserService::, group:DEFAULT_GROUP, clusters:
2023-04-19 14:50:40.693 INFO [restartedMain:c.a.n.c.naming] init new ips(0) service: DEFAULT_GROUP@@providers:project.com.example.project.UserService:: -> []
2023-04-19 14:50:40.694 INFO [restartedMain:c.a.n.c.naming] current ips:(0) service: DEFAULT_GROUP@@providers:project.com.example.project.UserService:: -> []
2023-04-19 14:50:40.696 INFO [restartedMain:c.a.n.c.naming] [SUBSCRIBE-SERVICE] service:providers:project.com.example.project.UserService, group:DEFAULT_GROUP, clusters:
2023-04-19 14:50:40.700 INFO [restartedMain:c.a.n.c.naming] init new ips(0) service: DEFAULT_GROUP@@providers:project.com.example.project.UserService -> []
2023-04-19 14:50:40.700 INFO [restartedMain:c.a.n.c.naming] current ips:(0) service: DEFAULT_GROUP@@providers:project.com.example.project.UserService -> []
2023-04-19 14:50:40.703 INFO [restartedMain:c.a.n.c.naming] [SUBSCRIBE-SERVICE] service:providers:project.com.example.project.UserService::, group:DEFAULT_GROUP, clusters:
2023-04-19 14:50:40.703 INFO [restartedMain:c.a.n.c.naming] [SUBSCRIBE-SERVICE] service:providers:project.com.example.project.UserService, group:DEFAULT_GROUP, clusters:
2023-04-19 14:50:40.749 INFO [restartedMain:c.a.n.c.naming] initializer namespace from System Property : null
2023-04-19 14:50:40.749 INFO [restartedMain:c.a.n.c.naming] initializer namespace from System Environment :null
2023-04-19 14:50:40.749 INFO [restartedMain:c.a.n.c.naming] initializer namespace from System Property :null
2023-04-19 14:50:40.943 INFO [com.alibaba.nacos.client.remote.worker:c.a.n.c.naming] Grpc connection connect
2023-04-19 14:50:41.324 INFO [restartedMain:c.a.n.c.naming] [DEREGISTER-SERVICE] public deregistering service consumers:project.com.example.project.UserService:: with instance: Instance{instanceId='null', ip='192.168.3.14', port=0, weight=1.0, healthy=true, enabled=true, ephemeral=true, clusterName='DEFAULT', serviceName='null', metadata={}}
2023-04-19 14:50:41.620 INFO [restartedMain:c.a.n.c.naming] [SUBSCRIBE-SERVICE] service:providers:org.apache.dubbo.metadata.MetadataService:1.0.0:dubbo-springboot-user-consumer, group:DEFAULT_GROUP, clusters: 
2023-04-19 14:50:41.623 INFO [restartedMain:c.a.n.c.naming] init new ips(0) service: DEFAULT_GROUP@@providers:org.apache.dubbo.metadata.MetadataService:1.0.0:dubbo-springboot-user-consumer -> []
2023-04-19 14:50:41.623 INFO [restartedMain:c.a.n.c.naming] current ips:(0) service: DEFAULT_GROUP@@providers:org.apache.dubbo.metadata.MetadataService:1.0.0:dubbo-springboot-user-consumer -> []
2023-04-19 14:50:41.625 INFO [restartedMain:c.a.n.c.naming] [SUBSCRIBE-SERVICE] service:providers:org.apache.dubbo.metadata.MetadataService:1.0.0:dubbo-springboot-user-consumer, group:DEFAULT_GROUP, clusters: 
2023-04-19 14:50:42.476 INFO [restartedMain:c.a.n.c.naming] com.alibaba.nacos.client.naming.cache.ServiceInfoHolder do shutdown begin
2023-04-19 14:50:42.476 INFO [restartedMain:c.a.n.c.naming] com.alibaba.nacos.client.naming.backups.FailoverReactor do shutdown begin
2023-04-19 14:50:42.801 INFO [restartedMain:c.a.n.c.naming] com.alibaba.nacos.client.naming.backups.FailoverReactor do shutdown stop
2023-04-19 14:50:42.802 INFO [restartedMain:c.a.n.c.naming] com.alibaba.nacos.client.naming.cache.ServiceInfoHolder do shutdown stop
2023-04-19 14:50:42.802 INFO [restartedMain:c.a.n.c.naming] com.alibaba.nacos.client.naming.remote.NamingClientProxyDelegate do shutdown begin
2023-04-19 14:50:42.802 INFO [restartedMain:c.a.n.c.naming] com.alibaba.nacos.client.naming.core.ServiceInfoUpdateService do shutdown begin
2023-04-19 14:50:42.802 INFO [restartedMain:c.a.n.c.naming] com.alibaba.nacos.client.naming.core.ServiceInfoUpdateService do shutdown stop
2023-04-19 14:50:42.802 INFO [restartedMain:c.a.n.c.naming] com.alibaba.nacos.client.naming.core.ServerListManager do shutdown begin
2023-04-19 14:50:42.802 WARN [restartedMain:c.a.n.c.naming] [NamingHttpClientManager] Start destroying NacosRestTemplate
2023-04-19 14:50:42.802 WARN [restartedMain:c.a.n.c.naming] [NamingHttpClientManager] Destruction of the end
2023-04-19 14:50:42.802 INFO [restartedMain:c.a.n.c.naming] com.alibaba.nacos.client.naming.core.ServerListManager do shutdown stop
2023-04-19 14:50:42.802 INFO [restartedMain:c.a.n.c.naming] com.alibaba.nacos.client.naming.remote.http.NamingHttpClientProxy do shutdown begin
2023-04-19 14:50:42.802 INFO [restartedMain:c.a.n.c.naming] com.alibaba.nacos.client.naming.beat.BeatReactor do shutdown begin
2023-04-19 14:50:42.802 INFO [restartedMain:c.a.n.c.naming] com.alibaba.nacos.client.naming.beat.BeatReactor do shutdown stop
2023-04-19 14:50:42.802 WARN [restartedMain:c.a.n.c.naming] [NamingHttpClientManager] Start destroying NacosRestTemplate
2023-04-19 14:50:42.802 WARN [restartedMain:c.a.n.c.naming] [NamingHttpClientManager] Destruction of the end
2023-04-19 14:50:42.802 INFO [restartedMain:c.a.n.c.naming] com.alibaba.nacos.client.naming.remote.http.NamingHttpClientProxy do shutdown stop
2023-04-19 14:50:42.805 INFO [restartedMain:c.a.n.c.naming] Shutdown grpc redo service executor java.util.concurrent.ScheduledThreadPoolExecutor@7d502b72[Running, pool size = 1, active threads = 0, queued tasks = 1, completed tasks = 0]
2023-04-19 14:50:42.807 INFO [restartedMain:c.a.n.c.naming] com.alibaba.nacos.client.naming.remote.NamingClientProxyDelegate do shutdown stop
2023-04-19 15:06:38.177 INFO [restartedMain:c.a.n.c.naming] initializer namespace from System Property : null
2023-04-19 15:06:38.178 INFO [restartedMain:c.a.n.c.naming] initializer namespace from System Environment :null
2023-04-19 15:06:38.178 INFO [restartedMain:c.a.n.c.naming] initializer namespace from System Property :null
2023-04-19 15:06:38.378 INFO [com.alibaba.nacos.client.remote.worker:c.a.n.c.naming] Grpc connection connect
2023-04-19 15:06:38.487 INFO [restartedMain:c.a.n.c.naming] [REGISTER-SERVICE] public registering service consumers:project.com.example.project.UserService:: with instance Instance{instanceId='null', ip='192.168.3.14', port=0, weight=1.0, healthy=true, enabled=true, ephemeral=true, clusterName='null', serviceName='null', metadata={side=consumer, release=3.0.9, methods=removeById,ktQuery,lambdaQuery,removeByMap,listByIds,userRegister,updateBatchById,userLogout,saveOrUpdate,query,count,listObjs,isAdmin,list,getMap,getEntityClass,getById,getOne,page,ktUpdate,save,update,getObj,removeBatchByIds,saveOrUpdateBatch,getSafetyUser,remove,getBaseMapper,removeByIds,lambdaUpdate,listMaps,saveBatch,userAdd,getLoginUser,updateById,userLogin,pageMaps,listByMap, dubbo=2.0.2, pid=3260, check=false, interface=project.com.example.project.UserService, path=project.com.example.project.UserService, protocol=consumer, application=dubbo-springboot-user-consumer, background=false, sticky=false, category=consumers, timestamp=1681887997359}}
2023-04-19 15:06:38.525 INFO [restartedMain:c.a.n.c.naming] [SUBSCRIBE-SERVICE] service:providers:project.com.example.project.UserService::, group:DEFAULT_GROUP, clusters:
2023-04-19 15:06:38.531 INFO [restartedMain:c.a.n.c.naming] init new ips(0) service: DEFAULT_GROUP@@providers:project.com.example.project.UserService:: -> []
2023-04-19 15:06:38.533 INFO [restartedMain:c.a.n.c.naming] current ips:(0) service: DEFAULT_GROUP@@providers:project.com.example.project.UserService:: -> []
2023-04-19 15:06:38.534 INFO [restartedMain:c.a.n.c.naming] [SUBSCRIBE-SERVICE] service:providers:project.com.example.project.UserService, group:DEFAULT_GROUP, clusters:
2023-04-19 15:06:38.538 INFO [restartedMain:c.a.n.c.naming] init new ips(0) service: DEFAULT_GROUP@@providers:project.com.example.project.UserService -> []
2023-04-19 15:06:38.538 INFO [restartedMain:c.a.n.c.naming] current ips:(0) service: DEFAULT_GROUP@@providers:project.com.example.project.UserService -> []
2023-04-19 15:06:38.541 INFO [restartedMain:c.a.n.c.naming] [SUBSCRIBE-SERVICE] service:providers:project.com.example.project.UserService::, group:DEFAULT_GROUP, clusters:
2023-04-19 15:06:38.541 INFO [restartedMain:c.a.n.c.naming] [SUBSCRIBE-SERVICE] service:providers:project.com.example.project.UserService, group:DEFAULT_GROUP, clusters:
2023-04-19 15:06:38.589 INFO [restartedMain:c.a.n.c.naming] initializer namespace from System Property : null
2023-04-19 15:06:38.590 INFO [restartedMain:c.a.n.c.naming] initializer namespace from System Environment :null
2023-04-19 15:06:38.590 INFO [restartedMain:c.a.n.c.naming] initializer namespace from System Property :null
2023-04-19 15:06:38.784 INFO [com.alibaba.nacos.client.remote.worker:c.a.n.c.naming] Grpc connection connect
2023-04-19 15:06:39.160 INFO [restartedMain:c.a.n.c.naming] [DEREGISTER-SERVICE] public deregistering service consumers:project.com.example.project.UserService:: with instance: Instance{instanceId='null', ip='192.168.3.14', port=0, weight=1.0, healthy=true, enabled=true, ephemeral=true, clusterName='DEFAULT', serviceName='null', metadata={}}
2023-04-19 15:06:39.461 INFO [restartedMain:c.a.n.c.naming] [SUBSCRIBE-SERVICE] service:providers:org.apache.dubbo.metadata.MetadataService:1.0.0:dubbo-springboot-user-consumer, group:DEFAULT_GROUP, clusters: 
2023-04-19 15:06:39.464 INFO [restartedMain:c.a.n.c.naming] init new ips(0) service: DEFAULT_GROUP@@providers:org.apache.dubbo.metadata.MetadataService:1.0.0:dubbo-springboot-user-consumer -> []
2023-04-19 15:06:39.464 INFO [restartedMain:c.a.n.c.naming] current ips:(0) service: DEFAULT_GROUP@@providers:org.apache.dubbo.metadata.MetadataService:1.0.0:dubbo-springboot-user-consumer -> []
2023-04-19 15:06:39.465 INFO [restartedMain:c.a.n.c.naming] [SUBSCRIBE-SERVICE] service:providers:org.apache.dubbo.metadata.MetadataService:1.0.0:dubbo-springboot-user-consumer, group:DEFAULT_GROUP, clusters: 
2023-04-19 15:06:40.211 INFO [restartedMain:c.a.n.c.naming] com.alibaba.nacos.client.naming.cache.ServiceInfoHolder do shutdown begin
2023-04-19 15:06:40.212 INFO [restartedMain:c.a.n.c.naming] com.alibaba.nacos.client.naming.backups.FailoverReactor do shutdown begin
2023-04-19 15:06:40.531 INFO [restartedMain:c.a.n.c.naming] com.alibaba.nacos.client.naming.backups.FailoverReactor do shutdown stop
2023-04-19 15:06:40.531 INFO [restartedMain:c.a.n.c.naming] com.alibaba.nacos.client.naming.cache.ServiceInfoHolder do shutdown stop
2023-04-19 15:06:40.531 INFO [restartedMain:c.a.n.c.naming] com.alibaba.nacos.client.naming.remote.NamingClientProxyDelegate do shutdown begin
2023-04-19 15:06:40.531 INFO [restartedMain:c.a.n.c.naming] com.alibaba.nacos.client.naming.core.ServiceInfoUpdateService do shutdown begin
2023-04-19 15:06:40.531 INFO [restartedMain:c.a.n.c.naming] com.alibaba.nacos.client.naming.core.ServiceInfoUpdateService do shutdown stop
2023-04-19 15:06:40.531 INFO [restartedMain:c.a.n.c.naming] com.alibaba.nacos.client.naming.core.ServerListManager do shutdown begin
2023-04-19 15:06:40.531 WARN [restartedMain:c.a.n.c.naming] [NamingHttpClientManager] Start destroying NacosRestTemplate
2023-04-19 15:06:40.531 WARN [restartedMain:c.a.n.c.naming] [NamingHttpClientManager] Destruction of the end
2023-04-19 15:06:40.531 INFO [restartedMain:c.a.n.c.naming] com.alibaba.nacos.client.naming.core.ServerListManager do shutdown stop
2023-04-19 15:06:40.531 INFO [restartedMain:c.a.n.c.naming] com.alibaba.nacos.client.naming.remote.http.NamingHttpClientProxy do shutdown begin
2023-04-19 15:06:40.531 INFO [restartedMain:c.a.n.c.naming] com.alibaba.nacos.client.naming.beat.BeatReactor do shutdown begin
2023-04-19 15:06:40.531 INFO [restartedMain:c.a.n.c.naming] com.alibaba.nacos.client.naming.beat.BeatReactor do shutdown stop
2023-04-19 15:06:40.531 WARN [restartedMain:c.a.n.c.naming] [NamingHttpClientManager] Start destroying NacosRestTemplate
2023-04-19 15:06:40.531 WARN [restartedMain:c.a.n.c.naming] [NamingHttpClientManager] Destruction of the end
2023-04-19 15:06:40.531 INFO [restartedMain:c.a.n.c.naming] com.alibaba.nacos.client.naming.remote.http.NamingHttpClientProxy do shutdown stop
2023-04-19 15:06:40.535 INFO [restartedMain:c.a.n.c.naming] Shutdown grpc redo service executor java.util.concurrent.ScheduledThreadPoolExecutor@66094505[Running, pool size = 1, active threads = 0, queued tasks = 1, completed tasks = 0]
2023-04-19 15:06:40.536 INFO [restartedMain:c.a.n.c.naming] com.alibaba.nacos.client.naming.remote.NamingClientProxyDelegate do shutdown stop
2023-04-19 15:10:16.455 INFO [restartedMain:c.a.n.c.naming] initializer namespace from System Property : null
2023-04-19 15:10:16.456 INFO [restartedMain:c.a.n.c.naming] initializer namespace from System Environment :null
2023-04-19 15:10:16.456 INFO [restartedMain:c.a.n.c.naming] initializer namespace from System Property :null
2023-04-19 15:10:16.658 INFO [com.alibaba.nacos.client.remote.worker:c.a.n.c.naming] Grpc connection connect
2023-04-19 15:10:16.747 INFO [restartedMain:c.a.n.c.naming] [REGISTER-SERVICE] public registering service consumers:project.com.example.project.UserService:: with instance Instance{instanceId='null', ip='192.168.3.14', port=0, weight=1.0, healthy=true, enabled=true, ephemeral=true, clusterName='null', serviceName='null', metadata={side=consumer, release=3.0.9, methods=removeById,ktQuery,lambdaQuery,removeByMap,listByIds,userRegister,updateBatchById,userLogout,saveOrUpdate,query,count,listObjs,isAdmin,list,getMap,getEntityClass,getById,getOne,page,ktUpdate,save,update,getObj,removeBatchByIds,saveOrUpdateBatch,getSafetyUser,remove,getBaseMapper,removeByIds,lambdaUpdate,listMaps,saveBatch,userAdd,getLoginUser,updateById,userLogin,pageMaps,listByMap, dubbo=2.0.2, pid=21360, check=false, interface=project.com.example.project.UserService, path=project.com.example.project.UserService, protocol=consumer, application=dubbo-springboot-user-consumer, background=false, sticky=false, category=consumers, timestamp=1681888215647}}
2023-04-19 15:10:16.783 INFO [restartedMain:c.a.n.c.naming] [SUBSCRIBE-SERVICE] service:providers:project.com.example.project.UserService::, group:DEFAULT_GROUP, clusters:
2023-04-19 15:10:16.788 INFO [restartedMain:c.a.n.c.naming] init new ips(0) service: DEFAULT_GROUP@@providers:project.com.example.project.UserService:: -> []
2023-04-19 15:10:16.789 INFO [restartedMain:c.a.n.c.naming] current ips:(0) service: DEFAULT_GROUP@@providers:project.com.example.project.UserService:: -> []
2023-04-19 15:10:16.790 INFO [restartedMain:c.a.n.c.naming] [SUBSCRIBE-SERVICE] service:providers:project.com.example.project.UserService, group:DEFAULT_GROUP, clusters:
2023-04-19 15:10:16.793 INFO [restartedMain:c.a.n.c.naming] init new ips(0) service: DEFAULT_GROUP@@providers:project.com.example.project.UserService -> []
2023-04-19 15:10:16.794 INFO [restartedMain:c.a.n.c.naming] current ips:(0) service: DEFAULT_GROUP@@providers:project.com.example.project.UserService -> []
2023-04-19 15:10:16.796 INFO [restartedMain:c.a.n.c.naming] [SUBSCRIBE-SERVICE] service:providers:project.com.example.project.UserService::, group:DEFAULT_GROUP, clusters:
2023-04-19 15:10:16.796 INFO [restartedMain:c.a.n.c.naming] [SUBSCRIBE-SERVICE] service:providers:project.com.example.project.UserService, group:DEFAULT_GROUP, clusters:
2023-04-19 15:10:16.832 INFO [restartedMain:c.a.n.c.naming] initializer namespace from System Property : null
2023-04-19 15:10:16.832 INFO [restartedMain:c.a.n.c.naming] initializer namespace from System Environment :null
2023-04-19 15:10:16.832 INFO [restartedMain:c.a.n.c.naming] initializer namespace from System Property :null
2023-04-19 15:10:17.022 INFO [com.alibaba.nacos.client.remote.worker:c.a.n.c.naming] Grpc connection connect
2023-04-19 15:10:17.357 INFO [restartedMain:c.a.n.c.naming] [DEREGISTER-SERVICE] public deregistering service consumers:project.com.example.project.UserService:: with instance: Instance{instanceId='null', ip='192.168.3.14', port=0, weight=1.0, healthy=true, enabled=true, ephemeral=true, clusterName='DEFAULT', serviceName='null', metadata={}}
2023-04-19 15:10:17.654 INFO [restartedMain:c.a.n.c.naming] [SUBSCRIBE-SERVICE] service:providers:org.apache.dubbo.metadata.MetadataService:1.0.0:dubbo-springboot-user-consumer, group:DEFAULT_GROUP, clusters: 
2023-04-19 15:10:17.657 INFO [restartedMain:c.a.n.c.naming] init new ips(0) service: DEFAULT_GROUP@@providers:org.apache.dubbo.metadata.MetadataService:1.0.0:dubbo-springboot-user-consumer -> []
2023-04-19 15:10:17.657 INFO [restartedMain:c.a.n.c.naming] current ips:(0) service: DEFAULT_GROUP@@providers:org.apache.dubbo.metadata.MetadataService:1.0.0:dubbo-springboot-user-consumer -> []
2023-04-19 15:10:17.658 INFO [restartedMain:c.a.n.c.naming] [SUBSCRIBE-SERVICE] service:providers:org.apache.dubbo.metadata.MetadataService:1.0.0:dubbo-springboot-user-consumer, group:DEFAULT_GROUP, clusters: 
2023-04-19 15:10:18.474 INFO [restartedMain:c.a.n.c.naming] com.alibaba.nacos.client.naming.cache.ServiceInfoHolder do shutdown begin
2023-04-19 15:10:18.474 INFO [restartedMain:c.a.n.c.naming] com.alibaba.nacos.client.naming.backups.FailoverReactor do shutdown begin
2023-04-19 15:10:18.812 INFO [restartedMain:c.a.n.c.naming] com.alibaba.nacos.client.naming.backups.FailoverReactor do shutdown stop
2023-04-19 15:10:18.812 INFO [restartedMain:c.a.n.c.naming] com.alibaba.nacos.client.naming.cache.ServiceInfoHolder do shutdown stop
2023-04-19 15:10:18.812 INFO [restartedMain:c.a.n.c.naming] com.alibaba.nacos.client.naming.remote.NamingClientProxyDelegate do shutdown begin
2023-04-19 15:10:18.812 INFO [restartedMain:c.a.n.c.naming] com.alibaba.nacos.client.naming.core.ServiceInfoUpdateService do shutdown begin
2023-04-19 15:10:18.812 INFO [restartedMain:c.a.n.c.naming] com.alibaba.nacos.client.naming.core.ServiceInfoUpdateService do shutdown stop
2023-04-19 15:10:18.812 INFO [restartedMain:c.a.n.c.naming] com.alibaba.nacos.client.naming.core.ServerListManager do shutdown begin
2023-04-19 15:10:18.812 WARN [restartedMain:c.a.n.c.naming] [NamingHttpClientManager] Start destroying NacosRestTemplate
2023-04-19 15:10:18.812 WARN [restartedMain:c.a.n.c.naming] [NamingHttpClientManager] Destruction of the end
2023-04-19 15:10:18.812 INFO [restartedMain:c.a.n.c.naming] com.alibaba.nacos.client.naming.core.ServerListManager do shutdown stop
2023-04-19 15:10:18.812 INFO [restartedMain:c.a.n.c.naming] com.alibaba.nacos.client.naming.remote.http.NamingHttpClientProxy do shutdown begin
2023-04-19 15:10:18.812 INFO [restartedMain:c.a.n.c.naming] com.alibaba.nacos.client.naming.beat.BeatReactor do shutdown begin
2023-04-19 15:10:18.812 INFO [restartedMain:c.a.n.c.naming] com.alibaba.nacos.client.naming.beat.BeatReactor do shutdown stop
2023-04-19 15:10:18.812 WARN [restartedMain:c.a.n.c.naming] [NamingHttpClientManager] Start destroying NacosRestTemplate
2023-04-19 15:10:18.812 WARN [restartedMain:c.a.n.c.naming] [NamingHttpClientManager] Destruction of the end
2023-04-19 15:10:18.812 INFO [restartedMain:c.a.n.c.naming] com.alibaba.nacos.client.naming.remote.http.NamingHttpClientProxy do shutdown stop
2023-04-19 15:10:18.817 INFO [restartedMain:c.a.n.c.naming] Shutdown grpc redo service executor java.util.concurrent.ScheduledThreadPoolExecutor@52b27a3d[Running, pool size = 1, active threads = 0, queued tasks = 1, completed tasks = 0]
2023-04-19 15:10:18.818 INFO [restartedMain:c.a.n.c.naming] com.alibaba.nacos.client.naming.remote.NamingClientProxyDelegate do shutdown stop
2023-04-19 15:10:50.532 INFO [restartedMain:c.a.n.c.naming] initializer namespace from System Property : null
2023-04-19 15:10:50.532 INFO [restartedMain:c.a.n.c.naming] initializer namespace from System Environment :null
2023-04-19 15:10:50.532 INFO [restartedMain:c.a.n.c.naming] initializer namespace from System Property :null
2023-04-19 15:10:50.745 INFO [com.alibaba.nacos.client.remote.worker:c.a.n.c.naming] Grpc connection connect
2023-04-19 15:10:50.824 INFO [restartedMain:c.a.n.c.naming] [REGISTER-SERVICE] public registering service consumers:project.com.example.project.UserService:: with instance Instance{instanceId='null', ip='192.168.3.14', port=0, weight=1.0, healthy=true, enabled=true, ephemeral=true, clusterName='null', serviceName='null', metadata={side=consumer, release=3.0.9, methods=removeById,ktQuery,lambdaQuery,removeByMap,listByIds,userRegister,updateBatchById,userLogout,saveOrUpdate,query,count,listObjs,isAdmin,list,getMap,getEntityClass,getById,getOne,page,ktUpdate,save,update,getObj,removeBatchByIds,saveOrUpdateBatch,getSafetyUser,remove,getBaseMapper,removeByIds,lambdaUpdate,listMaps,saveBatch,userAdd,getLoginUser,updateById,userLogin,pageMaps,listByMap, dubbo=2.0.2, pid=20268, check=false, interface=project.com.example.project.UserService, path=project.com.example.project.UserService, protocol=consumer, application=dubbo-springboot-user-consumer, background=false, sticky=false, category=consumers, timestamp=1681888249693}}
2023-04-19 15:10:50.864 INFO [restartedMain:c.a.n.c.naming] [SUBSCRIBE-SERVICE] service:providers:project.com.example.project.UserService::, group:DEFAULT_GROUP, clusters:
2023-04-19 15:10:50.869 INFO [restartedMain:c.a.n.c.naming] init new ips(0) service: DEFAULT_GROUP@@providers:project.com.example.project.UserService:: -> []
2023-04-19 15:10:50.871 INFO [restartedMain:c.a.n.c.naming] current ips:(0) service: DEFAULT_GROUP@@providers:project.com.example.project.UserService:: -> []
2023-04-19 15:10:50.872 INFO [restartedMain:c.a.n.c.naming] [SUBSCRIBE-SERVICE] service:providers:project.com.example.project.UserService, group:DEFAULT_GROUP, clusters:
2023-04-19 15:10:50.875 INFO [restartedMain:c.a.n.c.naming] init new ips(0) service: DEFAULT_GROUP@@providers:project.com.example.project.UserService -> []
2023-04-19 15:10:50.875 INFO [restartedMain:c.a.n.c.naming] current ips:(0) service: DEFAULT_GROUP@@providers:project.com.example.project.UserService -> []
2023-04-19 15:10:50.877 INFO [restartedMain:c.a.n.c.naming] [SUBSCRIBE-SERVICE] service:providers:project.com.example.project.UserService::, group:DEFAULT_GROUP, clusters:
2023-04-19 15:10:50.878 INFO [restartedMain:c.a.n.c.naming] [SUBSCRIBE-SERVICE] service:providers:project.com.example.project.UserService, group:DEFAULT_GROUP, clusters:
2023-04-19 15:10:50.914 INFO [restartedMain:c.a.n.c.naming] initializer namespace from System Property : null
2023-04-19 15:10:50.914 INFO [restartedMain:c.a.n.c.naming] initializer namespace from System Environment :null
2023-04-19 15:10:50.914 INFO [restartedMain:c.a.n.c.naming] initializer namespace from System Property :null
2023-04-19 15:10:51.104 INFO [com.alibaba.nacos.client.remote.worker:c.a.n.c.naming] Grpc connection connect
2023-04-19 15:10:51.451 INFO [restartedMain:c.a.n.c.naming] [DEREGISTER-SERVICE] public deregistering service consumers:project.com.example.project.UserService:: with instance: Instance{instanceId='null', ip='192.168.3.14', port=0, weight=1.0, healthy=true, enabled=true, ephemeral=true, clusterName='DEFAULT', serviceName='null', metadata={}}
2023-04-19 15:10:51.767 INFO [restartedMain:c.a.n.c.naming] [SUBSCRIBE-SERVICE] service:providers:org.apache.dubbo.metadata.MetadataService:1.0.0:dubbo-springboot-user-consumer, group:DEFAULT_GROUP, clusters: 
2023-04-19 15:10:51.770 INFO [restartedMain:c.a.n.c.naming] init new ips(0) service: DEFAULT_GROUP@@providers:org.apache.dubbo.metadata.MetadataService:1.0.0:dubbo-springboot-user-consumer -> []
2023-04-19 15:10:51.770 INFO [restartedMain:c.a.n.c.naming] current ips:(0) service: DEFAULT_GROUP@@providers:org.apache.dubbo.metadata.MetadataService:1.0.0:dubbo-springboot-user-consumer -> []
2023-04-19 15:10:51.771 INFO [restartedMain:c.a.n.c.naming] [SUBSCRIBE-SERVICE] service:providers:org.apache.dubbo.metadata.MetadataService:1.0.0:dubbo-springboot-user-consumer, group:DEFAULT_GROUP, clusters: 
2023-04-19 15:10:52.498 INFO [restartedMain:c.a.n.c.naming] com.alibaba.nacos.client.naming.cache.ServiceInfoHolder do shutdown begin
2023-04-19 15:10:52.498 INFO [restartedMain:c.a.n.c.naming] com.alibaba.nacos.client.naming.backups.FailoverReactor do shutdown begin
2023-04-19 15:10:52.826 INFO [restartedMain:c.a.n.c.naming] com.alibaba.nacos.client.naming.backups.FailoverReactor do shutdown stop
2023-04-19 15:10:52.826 INFO [restartedMain:c.a.n.c.naming] com.alibaba.nacos.client.naming.cache.ServiceInfoHolder do shutdown stop
2023-04-19 15:10:52.826 INFO [restartedMain:c.a.n.c.naming] com.alibaba.nacos.client.naming.remote.NamingClientProxyDelegate do shutdown begin
2023-04-19 15:10:52.826 INFO [restartedMain:c.a.n.c.naming] com.alibaba.nacos.client.naming.core.ServiceInfoUpdateService do shutdown begin
2023-04-19 15:10:52.826 INFO [restartedMain:c.a.n.c.naming] com.alibaba.nacos.client.naming.core.ServiceInfoUpdateService do shutdown stop
2023-04-19 15:10:52.826 INFO [restartedMain:c.a.n.c.naming] com.alibaba.nacos.client.naming.core.ServerListManager do shutdown begin
2023-04-19 15:10:52.826 WARN [restartedMain:c.a.n.c.naming] [NamingHttpClientManager] Start destroying NacosRestTemplate
2023-04-19 15:10:52.826 WARN [restartedMain:c.a.n.c.naming] [NamingHttpClientManager] Destruction of the end
2023-04-19 15:10:52.826 INFO [restartedMain:c.a.n.c.naming] com.alibaba.nacos.client.naming.core.ServerListManager do shutdown stop
2023-04-19 15:10:52.826 INFO [restartedMain:c.a.n.c.naming] com.alibaba.nacos.client.naming.remote.http.NamingHttpClientProxy do shutdown begin
2023-04-19 15:10:52.826 INFO [restartedMain:c.a.n.c.naming] com.alibaba.nacos.client.naming.beat.BeatReactor do shutdown begin
2023-04-19 15:10:52.826 INFO [restartedMain:c.a.n.c.naming] com.alibaba.nacos.client.naming.beat.BeatReactor do shutdown stop
2023-04-19 15:10:52.826 WARN [restartedMain:c.a.n.c.naming] [NamingHttpClientManager] Start destroying NacosRestTemplate
2023-04-19 15:10:52.826 WARN [restartedMain:c.a.n.c.naming] [NamingHttpClientManager] Destruction of the end
2023-04-19 15:10:52.826 INFO [restartedMain:c.a.n.c.naming] com.alibaba.nacos.client.naming.remote.http.NamingHttpClientProxy do shutdown stop
2023-04-19 15:10:52.830 INFO [restartedMain:c.a.n.c.naming] Shutdown grpc redo service executor java.util.concurrent.ScheduledThreadPoolExecutor@7b3fe61f[Running, pool size = 1, active threads = 0, queued tasks = 1, completed tasks = 0]
2023-04-19 15:10:52.831 INFO [restartedMain:c.a.n.c.naming] com.alibaba.nacos.client.naming.remote.NamingClientProxyDelegate do shutdown stop
2023-04-19 15:11:55.846 INFO [restartedMain:c.a.n.c.naming] initializer namespace from System Property : null
2023-04-19 15:11:55.846 INFO [restartedMain:c.a.n.c.naming] initializer namespace from System Environment :null
2023-04-19 15:11:55.846 INFO [restartedMain:c.a.n.c.naming] initializer namespace from System Property :null
2023-04-19 15:11:56.056 INFO [com.alibaba.nacos.client.remote.worker:c.a.n.c.naming] Grpc connection connect
2023-04-19 15:11:56.133 INFO [restartedMain:c.a.n.c.naming] [REGISTER-SERVICE] public registering service consumers:project.com.example.project.UserService:: with instance Instance{instanceId='null', ip='192.168.3.14', port=0, weight=1.0, healthy=true, enabled=true, ephemeral=true, clusterName='null', serviceName='null', metadata={side=consumer, release=3.0.9, methods=removeById,ktQuery,lambdaQuery,removeByMap,listByIds,userRegister,updateBatchById,userLogout,saveOrUpdate,query,count,listObjs,isAdmin,list,getMap,getEntityClass,getById,getOne,page,ktUpdate,save,update,getObj,removeBatchByIds,saveOrUpdateBatch,getSafetyUser,remove,getBaseMapper,removeByIds,lambdaUpdate,listMaps,saveBatch,userAdd,getLoginUser,updateById,userLogin,pageMaps,listByMap, qos.port=33333, dubbo=2.0.2, pid=9652, check=false, interface=project.com.example.project.UserService, path=project.com.example.project.UserService, protocol=consumer, application=dubbo-springboot-user-consumer, background=false, sticky=false, category=consumers, timestamp=1681888315045}}
2023-04-19 15:11:56.168 INFO [restartedMain:c.a.n.c.naming] [SUBSCRIBE-SERVICE] service:providers:project.com.example.project.UserService::, group:DEFAULT_GROUP, clusters:
2023-04-19 15:11:56.175 INFO [restartedMain:c.a.n.c.naming] init new ips(0) service: DEFAULT_GROUP@@providers:project.com.example.project.UserService:: -> []
2023-04-19 15:11:56.176 INFO [restartedMain:c.a.n.c.naming] current ips:(0) service: DEFAULT_GROUP@@providers:project.com.example.project.UserService:: -> []
2023-04-19 15:11:56.177 INFO [restartedMain:c.a.n.c.naming] [SUBSCRIBE-SERVICE] service:providers:project.com.example.project.UserService, group:DEFAULT_GROUP, clusters:
2023-04-19 15:11:56.180 INFO [restartedMain:c.a.n.c.naming] init new ips(0) service: DEFAULT_GROUP@@providers:project.com.example.project.UserService -> []
2023-04-19 15:11:56.180 INFO [restartedMain:c.a.n.c.naming] current ips:(0) service: DEFAULT_GROUP@@providers:project.com.example.project.UserService -> []
2023-04-19 15:11:56.183 INFO [restartedMain:c.a.n.c.naming] [SUBSCRIBE-SERVICE] service:providers:project.com.example.project.UserService::, group:DEFAULT_GROUP, clusters:
2023-04-19 15:11:56.183 INFO [restartedMain:c.a.n.c.naming] [SUBSCRIBE-SERVICE] service:providers:project.com.example.project.UserService, group:DEFAULT_GROUP, clusters:
2023-04-19 15:11:56.221 INFO [restartedMain:c.a.n.c.naming] initializer namespace from System Property : null
2023-04-19 15:11:56.221 INFO [restartedMain:c.a.n.c.naming] initializer namespace from System Environment :null
2023-04-19 15:11:56.221 INFO [restartedMain:c.a.n.c.naming] initializer namespace from System Property :null
2023-04-19 15:11:56.412 INFO [com.alibaba.nacos.client.remote.worker:c.a.n.c.naming] Grpc connection connect
2023-04-19 15:11:56.724 INFO [restartedMain:c.a.n.c.naming] [DEREGISTER-SERVICE] public deregistering service consumers:project.com.example.project.UserService:: with instance: Instance{instanceId='null', ip='192.168.3.14', port=0, weight=1.0, healthy=true, enabled=true, ephemeral=true, clusterName='DEFAULT', serviceName='null', metadata={}}
2023-04-19 15:11:57.019 INFO [restartedMain:c.a.n.c.naming] [SUBSCRIBE-SERVICE] service:providers:org.apache.dubbo.metadata.MetadataService:1.0.0:dubbo-springboot-user-consumer, group:DEFAULT_GROUP, clusters: 
2023-04-19 15:11:57.022 INFO [restartedMain:c.a.n.c.naming] init new ips(0) service: DEFAULT_GROUP@@providers:org.apache.dubbo.metadata.MetadataService:1.0.0:dubbo-springboot-user-consumer -> []
2023-04-19 15:11:57.022 INFO [restartedMain:c.a.n.c.naming] current ips:(0) service: DEFAULT_GROUP@@providers:org.apache.dubbo.metadata.MetadataService:1.0.0:dubbo-springboot-user-consumer -> []
2023-04-19 15:11:57.023 INFO [restartedMain:c.a.n.c.naming] [SUBSCRIBE-SERVICE] service:providers:org.apache.dubbo.metadata.MetadataService:1.0.0:dubbo-springboot-user-consumer, group:DEFAULT_GROUP, clusters: 
2023-04-19 15:11:57.718 INFO [restartedMain:c.a.n.c.naming] com.alibaba.nacos.client.naming.cache.ServiceInfoHolder do shutdown begin
2023-04-19 15:11:57.718 INFO [restartedMain:c.a.n.c.naming] com.alibaba.nacos.client.naming.backups.FailoverReactor do shutdown begin
2023-04-19 15:11:58.050 INFO [restartedMain:c.a.n.c.naming] com.alibaba.nacos.client.naming.backups.FailoverReactor do shutdown stop
2023-04-19 15:11:58.050 INFO [restartedMain:c.a.n.c.naming] com.alibaba.nacos.client.naming.cache.ServiceInfoHolder do shutdown stop
2023-04-19 15:11:58.050 INFO [restartedMain:c.a.n.c.naming] com.alibaba.nacos.client.naming.remote.NamingClientProxyDelegate do shutdown begin
2023-04-19 15:11:58.050 INFO [restartedMain:c.a.n.c.naming] com.alibaba.nacos.client.naming.core.ServiceInfoUpdateService do shutdown begin
2023-04-19 15:11:58.050 INFO [restartedMain:c.a.n.c.naming] com.alibaba.nacos.client.naming.core.ServiceInfoUpdateService do shutdown stop
2023-04-19 15:11:58.050 INFO [restartedMain:c.a.n.c.naming] com.alibaba.nacos.client.naming.core.ServerListManager do shutdown begin
2023-04-19 15:11:58.050 WARN [restartedMain:c.a.n.c.naming] [NamingHttpClientManager] Start destroying NacosRestTemplate
2023-04-19 15:11:58.050 WARN [restartedMain:c.a.n.c.naming] [NamingHttpClientManager] Destruction of the end
2023-04-19 15:11:58.050 INFO [restartedMain:c.a.n.c.naming] com.alibaba.nacos.client.naming.core.ServerListManager do shutdown stop
2023-04-19 15:11:58.050 INFO [restartedMain:c.a.n.c.naming] com.alibaba.nacos.client.naming.remote.http.NamingHttpClientProxy do shutdown begin
2023-04-19 15:11:58.050 INFO [restartedMain:c.a.n.c.naming] com.alibaba.nacos.client.naming.beat.BeatReactor do shutdown begin
2023-04-19 15:11:58.050 INFO [restartedMain:c.a.n.c.naming] com.alibaba.nacos.client.naming.beat.BeatReactor do shutdown stop
2023-04-19 15:11:58.050 WARN [restartedMain:c.a.n.c.naming] [NamingHttpClientManager] Start destroying NacosRestTemplate
2023-04-19 15:11:58.050 WARN [restartedMain:c.a.n.c.naming] [NamingHttpClientManager] Destruction of the end
2023-04-19 15:11:58.050 INFO [restartedMain:c.a.n.c.naming] com.alibaba.nacos.client.naming.remote.http.NamingHttpClientProxy do shutdown stop
2023-04-19 15:11:58.055 INFO [restartedMain:c.a.n.c.naming] Shutdown grpc redo service executor java.util.concurrent.ScheduledThreadPoolExecutor@32c65950[Running, pool size = 1, active threads = 0, queued tasks = 1, completed tasks = 0]
2023-04-19 15:11:58.055 INFO [restartedMain:c.a.n.c.naming] com.alibaba.nacos.client.naming.remote.NamingClientProxyDelegate do shutdown stop
2023-04-19 15:14:01.965 INFO [restartedMain:c.a.n.c.naming] initializer namespace from System Property : null
2023-04-19 15:14:01.965 INFO [restartedMain:c.a.n.c.naming] initializer namespace from System Environment :null
2023-04-19 15:14:01.965 INFO [restartedMain:c.a.n.c.naming] initializer namespace from System Property :null
2023-04-19 15:14:02.167 INFO [com.alibaba.nacos.client.remote.worker:c.a.n.c.naming] Grpc connection connect
2023-04-19 15:14:02.249 INFO [restartedMain:c.a.n.c.naming] [REGISTER-SERVICE] public registering service consumers:project.com.example.project.UserService:: with instance Instance{instanceId='null', ip='192.168.3.14', port=0, weight=1.0, healthy=true, enabled=true, ephemeral=true, clusterName='null', serviceName='null', metadata={side=consumer, release=3.0.9, methods=removeById,lambdaQuery,ktQuery,removeByMap,listByIds,userRegister,updateBatchById,userLogout,saveOrUpdate,query,count,listObjs,isAdmin,list,getMap,getEntityClass,getById,getOne,page,ktUpdate,save,update,getObj,removeBatchByIds,saveOrUpdateBatch,getSafetyUser,remove,getBaseMapper,removeByIds,lambdaUpdate,listMaps,saveBatch,userAdd,getLoginUser,updateById,userLogin,pageMaps,listByMap, qos.port=33333, dubbo=2.0.2, pid=22380, check=false, interface=project.com.example.project.UserService, path=project.com.example.project.UserService, protocol=consumer, application=dubbo-springboot-user-consumer, background=false, sticky=false, category=consumers, timestamp=1681888441151}}
2023-04-19 15:14:02.279 INFO [restartedMain:c.a.n.c.naming] [SUBSCRIBE-SERVICE] service:providers:project.com.example.project.UserService::, group:DEFAULT_GROUP, clusters:
2023-04-19 15:14:02.285 INFO [restartedMain:c.a.n.c.naming] init new ips(0) service: DEFAULT_GROUP@@providers:project.com.example.project.UserService:: -> []
2023-04-19 15:14:02.286 INFO [restartedMain:c.a.n.c.naming] current ips:(0) service: DEFAULT_GROUP@@providers:project.com.example.project.UserService:: -> []
2023-04-19 15:14:02.287 INFO [restartedMain:c.a.n.c.naming] [SUBSCRIBE-SERVICE] service:providers:project.com.example.project.UserService, group:DEFAULT_GROUP, clusters:
2023-04-19 15:14:02.291 INFO [restartedMain:c.a.n.c.naming] init new ips(0) service: DEFAULT_GROUP@@providers:project.com.example.project.UserService -> []
2023-04-19 15:14:02.292 INFO [restartedMain:c.a.n.c.naming] current ips:(0) service: DEFAULT_GROUP@@providers:project.com.example.project.UserService -> []
2023-04-19 15:14:02.296 INFO [restartedMain:c.a.n.c.naming] [SUBSCRIBE-SERVICE] service:providers:project.com.example.project.UserService::, group:DEFAULT_GROUP, clusters:
2023-04-19 15:14:02.297 INFO [restartedMain:c.a.n.c.naming] [SUBSCRIBE-SERVICE] service:providers:project.com.example.project.UserService, group:DEFAULT_GROUP, clusters:
2023-04-19 15:14:02.331 INFO [restartedMain:c.a.n.c.naming] initializer namespace from System Property : null
2023-04-19 15:14:02.331 INFO [restartedMain:c.a.n.c.naming] initializer namespace from System Environment :null
2023-04-19 15:14:02.331 INFO [restartedMain:c.a.n.c.naming] initializer namespace from System Property :null
2023-04-19 15:14:02.514 INFO [com.alibaba.nacos.client.remote.worker:c.a.n.c.naming] Grpc connection connect
2023-04-19 15:14:02.819 INFO [restartedMain:c.a.n.c.naming] [DEREGISTER-SERVICE] public deregistering service consumers:project.com.example.project.UserService:: with instance: Instance{instanceId='null', ip='192.168.3.14', port=0, weight=1.0, healthy=true, enabled=true, ephemeral=true, clusterName='DEFAULT', serviceName='null', metadata={}}
2023-04-19 15:14:03.118 INFO [restartedMain:c.a.n.c.naming] [SUBSCRIBE-SERVICE] service:providers:org.apache.dubbo.metadata.MetadataService:1.0.0:dubbo-springboot-user-consumer, group:DEFAULT_GROUP, clusters: 
2023-04-19 15:14:03.122 INFO [restartedMain:c.a.n.c.naming] init new ips(0) service: DEFAULT_GROUP@@providers:org.apache.dubbo.metadata.MetadataService:1.0.0:dubbo-springboot-user-consumer -> []
2023-04-19 15:14:03.122 INFO [restartedMain:c.a.n.c.naming] current ips:(0) service: DEFAULT_GROUP@@providers:org.apache.dubbo.metadata.MetadataService:1.0.0:dubbo-springboot-user-consumer -> []
2023-04-19 15:14:03.123 INFO [restartedMain:c.a.n.c.naming] [SUBSCRIBE-SERVICE] service:providers:org.apache.dubbo.metadata.MetadataService:1.0.0:dubbo-springboot-user-consumer, group:DEFAULT_GROUP, clusters: 
2023-04-19 15:14:04.059 INFO [restartedMain:c.a.n.c.naming] com.alibaba.nacos.client.naming.cache.ServiceInfoHolder do shutdown begin
2023-04-19 15:14:04.059 INFO [restartedMain:c.a.n.c.naming] com.alibaba.nacos.client.naming.backups.FailoverReactor do shutdown begin
2023-04-19 15:14:04.393 INFO [restartedMain:c.a.n.c.naming] com.alibaba.nacos.client.naming.backups.FailoverReactor do shutdown stop
2023-04-19 15:14:04.393 INFO [restartedMain:c.a.n.c.naming] com.alibaba.nacos.client.naming.cache.ServiceInfoHolder do shutdown stop
2023-04-19 15:14:04.393 INFO [restartedMain:c.a.n.c.naming] com.alibaba.nacos.client.naming.remote.NamingClientProxyDelegate do shutdown begin
2023-04-19 15:14:04.393 INFO [restartedMain:c.a.n.c.naming] com.alibaba.nacos.client.naming.core.ServiceInfoUpdateService do shutdown begin
2023-04-19 15:14:04.393 INFO [restartedMain:c.a.n.c.naming] com.alibaba.nacos.client.naming.core.ServiceInfoUpdateService do shutdown stop
2023-04-19 15:14:04.393 INFO [restartedMain:c.a.n.c.naming] com.alibaba.nacos.client.naming.core.ServerListManager do shutdown begin
2023-04-19 15:14:04.393 WARN [restartedMain:c.a.n.c.naming] [NamingHttpClientManager] Start destroying NacosRestTemplate
2023-04-19 15:14:04.393 WARN [restartedMain:c.a.n.c.naming] [NamingHttpClientManager] Destruction of the end
2023-04-19 15:14:04.393 INFO [restartedMain:c.a.n.c.naming] com.alibaba.nacos.client.naming.core.ServerListManager do shutdown stop
2023-04-19 15:14:04.393 INFO [restartedMain:c.a.n.c.naming] com.alibaba.nacos.client.naming.remote.http.NamingHttpClientProxy do shutdown begin
2023-04-19 15:14:04.393 INFO [restartedMain:c.a.n.c.naming] com.alibaba.nacos.client.naming.beat.BeatReactor do shutdown begin
2023-04-19 15:14:04.393 INFO [restartedMain:c.a.n.c.naming] com.alibaba.nacos.client.naming.beat.BeatReactor do shutdown stop
2023-04-19 15:14:04.393 WARN [restartedMain:c.a.n.c.naming] [NamingHttpClientManager] Start destroying NacosRestTemplate
2023-04-19 15:14:04.393 WARN [restartedMain:c.a.n.c.naming] [NamingHttpClientManager] Destruction of the end
2023-04-19 15:14:04.393 INFO [restartedMain:c.a.n.c.naming] com.alibaba.nacos.client.naming.remote.http.NamingHttpClientProxy do shutdown stop
2023-04-19 15:14:04.399 INFO [restartedMain:c.a.n.c.naming] Shutdown grpc redo service executor java.util.concurrent.ScheduledThreadPoolExecutor@6181feff[Running, pool size = 1, active threads = 0, queued tasks = 1, completed tasks = 0]
2023-04-19 15:14:04.400 INFO [restartedMain:c.a.n.c.naming] com.alibaba.nacos.client.naming.remote.NamingClientProxyDelegate do shutdown stop
2023-04-19 15:17:16.809 INFO [restartedMain:c.a.n.c.naming] initializer namespace from System Property : null
2023-04-19 15:17:16.809 INFO [restartedMain:c.a.n.c.naming] initializer namespace from System Environment :null
2023-04-19 15:17:16.809 INFO [restartedMain:c.a.n.c.naming] initializer namespace from System Property :null
2023-04-19 15:17:17.007 INFO [com.alibaba.nacos.client.remote.worker:c.a.n.c.naming] Grpc connection connect
2023-04-19 15:17:17.113 INFO [restartedMain:c.a.n.c.naming] [REGISTER-SERVICE] public registering service consumers:project.com.example.project.UserService:: with instance Instance{instanceId='null', ip='192.168.3.14', port=0, weight=1.0, healthy=true, enabled=true, ephemeral=true, clusterName='null', serviceName='null', metadata={side=consumer, release=3.0.9, methods=removeById,ktQuery,lambdaQuery,removeByMap,listByIds,userRegister,updateBatchById,userLogout,saveOrUpdate,query,count,listObjs,isAdmin,list,getMap,getEntityClass,getById,getOne,page,ktUpdate,save,update,getObj,removeBatchByIds,saveOrUpdateBatch,getSafetyUser,remove,getBaseMapper,removeByIds,lambdaUpdate,listMaps,saveBatch,userAdd,getLoginUser,updateById,userLogin,pageMaps,listByMap, qos.port=33333, dubbo=2.0.2, pid=18100, check=false, interface=project.com.example.project.UserService, path=project.com.example.project.UserService, protocol=consumer, application=dubbo-springboot-user-consumer, background=false, sticky=false, category=consumers, timestamp=1681888635982}}
2023-04-19 15:17:17.150 INFO [restartedMain:c.a.n.c.naming] [SUBSCRIBE-SERVICE] service:providers:project.com.example.project.UserService::, group:DEFAULT_GROUP, clusters:
2023-04-19 15:17:17.156 INFO [restartedMain:c.a.n.c.naming] init new ips(0) service: DEFAULT_GROUP@@providers:project.com.example.project.UserService:: -> []
2023-04-19 15:17:17.157 INFO [restartedMain:c.a.n.c.naming] current ips:(0) service: DEFAULT_GROUP@@providers:project.com.example.project.UserService:: -> []
2023-04-19 15:17:17.158 INFO [restartedMain:c.a.n.c.naming] [SUBSCRIBE-SERVICE] service:providers:project.com.example.project.UserService, group:DEFAULT_GROUP, clusters:
2023-04-19 15:17:17.161 INFO [restartedMain:c.a.n.c.naming] init new ips(0) service: DEFAULT_GROUP@@providers:project.com.example.project.UserService -> []
2023-04-19 15:17:17.162 INFO [restartedMain:c.a.n.c.naming] current ips:(0) service: DEFAULT_GROUP@@providers:project.com.example.project.UserService -> []
2023-04-19 15:17:17.164 INFO [restartedMain:c.a.n.c.naming] [SUBSCRIBE-SERVICE] service:providers:project.com.example.project.UserService::, group:DEFAULT_GROUP, clusters:
2023-04-19 15:17:17.164 INFO [restartedMain:c.a.n.c.naming] [SUBSCRIBE-SERVICE] service:providers:project.com.example.project.UserService, group:DEFAULT_GROUP, clusters:
2023-04-19 15:17:17.209 INFO [restartedMain:c.a.n.c.naming] initializer namespace from System Property : null
2023-04-19 15:17:17.209 INFO [restartedMain:c.a.n.c.naming] initializer namespace from System Environment :null
2023-04-19 15:17:17.209 INFO [restartedMain:c.a.n.c.naming] initializer namespace from System Property :null
2023-04-19 15:17:17.401 INFO [com.alibaba.nacos.client.remote.worker:c.a.n.c.naming] Grpc connection connect
2023-04-19 15:17:17.792 INFO [restartedMain:c.a.n.c.naming] [DEREGISTER-SERVICE] public deregistering service consumers:project.com.example.project.UserService:: with instance: Instance{instanceId='null', ip='192.168.3.14', port=0, weight=1.0, healthy=true, enabled=true, ephemeral=true, clusterName='DEFAULT', serviceName='null', metadata={}}
2023-04-19 15:17:18.103 INFO [restartedMain:c.a.n.c.naming] [SUBSCRIBE-SERVICE] service:providers:org.apache.dubbo.metadata.MetadataService:1.0.0:dubbo-springboot-user-consumer, group:DEFAULT_GROUP, clusters: 
2023-04-19 15:17:18.106 INFO [restartedMain:c.a.n.c.naming] init new ips(0) service: DEFAULT_GROUP@@providers:org.apache.dubbo.metadata.MetadataService:1.0.0:dubbo-springboot-user-consumer -> []
2023-04-19 15:17:18.106 INFO [restartedMain:c.a.n.c.naming] current ips:(0) service: DEFAULT_GROUP@@providers:org.apache.dubbo.metadata.MetadataService:1.0.0:dubbo-springboot-user-consumer -> []
2023-04-19 15:17:18.107 INFO [restartedMain:c.a.n.c.naming] [SUBSCRIBE-SERVICE] service:providers:org.apache.dubbo.metadata.MetadataService:1.0.0:dubbo-springboot-user-consumer, group:DEFAULT_GROUP, clusters: 
2023-04-19 15:17:18.866 INFO [restartedMain:c.a.n.c.naming] com.alibaba.nacos.client.naming.cache.ServiceInfoHolder do shutdown begin
2023-04-19 15:17:18.866 INFO [restartedMain:c.a.n.c.naming] com.alibaba.nacos.client.naming.backups.FailoverReactor do shutdown begin
2023-04-19 15:17:19.195 INFO [restartedMain:c.a.n.c.naming] com.alibaba.nacos.client.naming.backups.FailoverReactor do shutdown stop
2023-04-19 15:17:19.196 INFO [restartedMain:c.a.n.c.naming] com.alibaba.nacos.client.naming.cache.ServiceInfoHolder do shutdown stop
2023-04-19 15:17:19.196 INFO [restartedMain:c.a.n.c.naming] com.alibaba.nacos.client.naming.remote.NamingClientProxyDelegate do shutdown begin
2023-04-19 15:17:19.196 INFO [restartedMain:c.a.n.c.naming] com.alibaba.nacos.client.naming.core.ServiceInfoUpdateService do shutdown begin
2023-04-19 15:17:19.196 INFO [restartedMain:c.a.n.c.naming] com.alibaba.nacos.client.naming.core.ServiceInfoUpdateService do shutdown stop
2023-04-19 15:17:19.196 INFO [restartedMain:c.a.n.c.naming] com.alibaba.nacos.client.naming.core.ServerListManager do shutdown begin
2023-04-19 15:17:19.196 WARN [restartedMain:c.a.n.c.naming] [NamingHttpClientManager] Start destroying NacosRestTemplate
2023-04-19 15:17:19.196 WARN [restartedMain:c.a.n.c.naming] [NamingHttpClientManager] Destruction of the end
2023-04-19 15:17:19.196 INFO [restartedMain:c.a.n.c.naming] com.alibaba.nacos.client.naming.core.ServerListManager do shutdown stop
2023-04-19 15:17:19.196 INFO [restartedMain:c.a.n.c.naming] com.alibaba.nacos.client.naming.remote.http.NamingHttpClientProxy do shutdown begin
2023-04-19 15:17:19.196 INFO [restartedMain:c.a.n.c.naming] com.alibaba.nacos.client.naming.beat.BeatReactor do shutdown begin
2023-04-19 15:17:19.196 INFO [restartedMain:c.a.n.c.naming] com.alibaba.nacos.client.naming.beat.BeatReactor do shutdown stop
2023-04-19 15:17:19.196 WARN [restartedMain:c.a.n.c.naming] [NamingHttpClientManager] Start destroying NacosRestTemplate
2023-04-19 15:17:19.196 WARN [restartedMain:c.a.n.c.naming] [NamingHttpClientManager] Destruction of the end
2023-04-19 15:17:19.196 INFO [restartedMain:c.a.n.c.naming] com.alibaba.nacos.client.naming.remote.http.NamingHttpClientProxy do shutdown stop
2023-04-19 15:17:19.201 INFO [restartedMain:c.a.n.c.naming] Shutdown grpc redo service executor java.util.concurrent.ScheduledThreadPoolExecutor@50825346[Running, pool size = 1, active threads = 0, queued tasks = 1, completed tasks = 0]
2023-04-19 15:17:19.202 INFO [restartedMain:c.a.n.c.naming] com.alibaba.nacos.client.naming.remote.NamingClientProxyDelegate do shutdown stop
2023-04-19 16:08:45.969 INFO [restartedMain:c.a.n.c.naming] initializer namespace from System Property : null
2023-04-19 16:08:45.970 INFO [restartedMain:c.a.n.c.naming] initializer namespace from System Environment :null
2023-04-19 16:08:45.970 INFO [restartedMain:c.a.n.c.naming] initializer namespace from System Property :null
2023-04-19 16:08:46.170 INFO [com.alibaba.nacos.client.remote.worker:c.a.n.c.naming] Grpc connection connect
2023-04-19 16:08:46.255 INFO [restartedMain:c.a.n.c.naming] [REGISTER-SERVICE] public registering service consumers:com.example.project.service.UserService:: with instance Instance{instanceId='null', ip='192.168.3.14', port=0, weight=1.0, healthy=true, enabled=true, ephemeral=true, clusterName='null', serviceName='null', metadata={side=consumer, release=3.0.9, methods=removeById,ktQuery,lambdaQuery,removeByMap,listByIds,userRegister,updateBatchById,userLogout,saveOrUpdate,query,count,listObjs,isAdmin,list,getMap,getEntityClass,getById,getOne,page,ktUpdate,save,update,getObj,removeBatchByIds,saveOrUpdateBatch,getSafetyUser,remove,getBaseMapper,removeByIds,lambdaUpdate,listMaps,saveBatch,userAdd,getLoginUser,updateById,userLogin,pageMaps,listByMap, qos.port=33333, dubbo=2.0.2, pid=20932, check=false, interface=com.example.project.service.UserService, path=com.example.project.service.UserService, protocol=consumer, application=dubbo-springboot-user-consumer, background=false, sticky=false, category=consumers, timestamp=1681891725140}}
2023-04-19 16:08:46.289 INFO [restartedMain:c.a.n.c.naming] [SUBSCRIBE-SERVICE] service:providers:com.example.project.service.UserService::, group:DEFAULT_GROUP, clusters: 
2023-04-19 16:08:46.295 INFO [restartedMain:c.a.n.c.naming] init new ips(1) service: DEFAULT_GROUP@@providers:com.example.project.service.UserService:: -> [{"ip":"192.168.3.14","port":20880,"weight":1.0,"healthy":true,"enabled":true,"ephemeral":true,"clusterName":"DEFAULT","serviceName":"DEFAULT_GROUP@@providers:com.example.project.service.UserService::","metadata":{"side":"provider","release":"3.0.9","methods":"removeById,ktQuery,lambdaQuery,removeByMap,listByIds,userRegister,updateBatchById,userLogout,saveOrUpdate,query,count,listObjs,isAdmin,list,getMap,getEntityClass,getById,getOne,page,ktUpdate,save,update,getObj,removeBatchByIds,saveOrUpdateBatch,getSafetyUser,remove,getBaseMapper,removeByIds,lambdaUpdate,listMaps,saveBatch,userAdd,getLoginUser,updateById,userLogin,pageMaps,listByMap","deprecated":"false","dubbo":"2.0.2","pid":"10988","interface":"com.example.project.service.UserService","service-name-mapping":"true","generic":"false","path":"com.example.project.service.UserService","protocol":"dubbo","application":"dubbo-springboot-user-consumer","background":"false","dynamic":"true","category":"providers","anyhost":"true","timestamp":"1681890972845"},"instanceHeartBeatTimeOut":15000,"ipDeleteTimeout":30000,"instanceHeartBeatInterval":5000}]
2023-04-19 16:08:46.297 INFO [restartedMain:c.a.n.c.naming] current ips:(1) service: DEFAULT_GROUP@@providers:com.example.project.service.UserService:: -> [{"ip":"192.168.3.14","port":20880,"weight":1.0,"healthy":true,"enabled":true,"ephemeral":true,"clusterName":"DEFAULT","serviceName":"DEFAULT_GROUP@@providers:com.example.project.service.UserService::","metadata":{"side":"provider","release":"3.0.9","methods":"removeById,ktQuery,lambdaQuery,removeByMap,listByIds,userRegister,updateBatchById,userLogout,saveOrUpdate,query,count,listObjs,isAdmin,list,getMap,getEntityClass,getById,getOne,page,ktUpdate,save,update,getObj,removeBatchByIds,saveOrUpdateBatch,getSafetyUser,remove,getBaseMapper,removeByIds,lambdaUpdate,listMaps,saveBatch,userAdd,getLoginUser,updateById,userLogin,pageMaps,listByMap","deprecated":"false","dubbo":"2.0.2","pid":"10988","interface":"com.example.project.service.UserService","service-name-mapping":"true","generic":"false","path":"com.example.project.service.UserService","protocol":"dubbo","application":"dubbo-springboot-user-consumer","background":"false","dynamic":"true","category":"providers","anyhost":"true","timestamp":"1681890972845"},"instanceHeartBeatTimeOut":15000,"ipDeleteTimeout":30000,"instanceHeartBeatInterval":5000}]
2023-04-19 16:08:46.298 INFO [restartedMain:c.a.n.c.naming] [SUBSCRIBE-SERVICE] service:providers:com.example.project.service.UserService, group:DEFAULT_GROUP, clusters: 
2023-04-19 16:08:46.301 INFO [restartedMain:c.a.n.c.naming] init new ips(0) service: DEFAULT_GROUP@@providers:com.example.project.service.UserService -> []
2023-04-19 16:08:46.301 INFO [restartedMain:c.a.n.c.naming] current ips:(0) service: DEFAULT_GROUP@@providers:com.example.project.service.UserService -> []
2023-04-19 16:08:46.593 INFO [restartedMain:c.a.n.c.naming] [SUBSCRIBE-SERVICE] service:providers:com.example.project.service.UserService::, group:DEFAULT_GROUP, clusters: 
2023-04-19 16:08:46.593 INFO [restartedMain:c.a.n.c.naming] [SUBSCRIBE-SERVICE] service:providers:com.example.project.service.UserService, group:DEFAULT_GROUP, clusters: 
2023-04-19 16:08:46.625 INFO [restartedMain:c.a.n.c.naming] initializer namespace from System Property : null
2023-04-19 16:08:46.625 INFO [restartedMain:c.a.n.c.naming] initializer namespace from System Environment :null
2023-04-19 16:08:46.625 INFO [restartedMain:c.a.n.c.naming] initializer namespace from System Property :null
2023-04-19 16:08:46.811 INFO [com.alibaba.nacos.client.remote.worker:c.a.n.c.naming] Grpc connection connect
2023-04-19 16:08:46.966 INFO [restartedMain:c.a.n.c.naming] [SUBSCRIBE-SERVICE] service:dubbo-springboot-user-consumer, group:DEFAULT_GROUP, clusters: 
2023-04-19 16:08:46.970 INFO [restartedMain:c.a.n.c.naming] init new ips(1) service: DEFAULT_GROUP@@dubbo-springboot-user-consumer -> [{"ip":"192.168.3.14","port":20880,"weight":1.0,"healthy":true,"enabled":true,"ephemeral":true,"clusterName":"DEFAULT","serviceName":"DEFAULT_GROUP@@dubbo-springboot-user-consumer","metadata":{"dubbo.metadata-service.url-params":"{\"connections\":\"1\",\"version\":\"1.0.0\",\"dubbo\":\"2.0.2\",\"release\":\"3.0.9\",\"side\":\"provider\",\"port\":\"20880\",\"protocol\":\"dubbo\"}","dubbo.endpoints":"[{\"port\":20880,\"protocol\":\"dubbo\"}]","dubbo.metadata.revision":"fa82c1d59560b9d87fb24ebac49b6c3c","dubbo.metadata.storage-type":"local","timestamp":"1681890972845"},"instanceHeartBeatTimeOut":15000,"ipDeleteTimeout":30000,"instanceHeartBeatInterval":5000}]
2023-04-19 16:08:46.970 INFO [restartedMain:c.a.n.c.naming] current ips:(1) service: DEFAULT_GROUP@@dubbo-springboot-user-consumer -> [{"ip":"192.168.3.14","port":20880,"weight":1.0,"healthy":true,"enabled":true,"ephemeral":true,"clusterName":"DEFAULT","serviceName":"DEFAULT_GROUP@@dubbo-springboot-user-consumer","metadata":{"dubbo.metadata-service.url-params":"{\"connections\":\"1\",\"version\":\"1.0.0\",\"dubbo\":\"2.0.2\",\"release\":\"3.0.9\",\"side\":\"provider\",\"port\":\"20880\",\"protocol\":\"dubbo\"}","dubbo.endpoints":"[{\"port\":20880,\"protocol\":\"dubbo\"}]","dubbo.metadata.revision":"fa82c1d59560b9d87fb24ebac49b6c3c","dubbo.metadata.storage-type":"local","timestamp":"1681890972845"},"instanceHeartBeatTimeOut":15000,"ipDeleteTimeout":30000,"instanceHeartBeatInterval":5000}]
2023-04-19 16:08:47.221 INFO [restartedMain:c.a.n.c.naming] [SUBSCRIBE-SERVICE] service:dubbo-springboot-user-consumer, group:DEFAULT_GROUP, clusters: 
2023-04-19 16:08:47.511 INFO [restartedMain:c.a.n.c.naming] [SUBSCRIBE-SERVICE] service:providers:org.apache.dubbo.metadata.MetadataService:1.0.0:dubbo-springboot-user-consumer, group:DEFAULT_GROUP, clusters: 
2023-04-19 16:08:47.514 INFO [restartedMain:c.a.n.c.naming] init new ips(0) service: DEFAULT_GROUP@@providers:org.apache.dubbo.metadata.MetadataService:1.0.0:dubbo-springboot-user-consumer -> []
2023-04-19 16:08:47.514 INFO [restartedMain:c.a.n.c.naming] current ips:(0) service: DEFAULT_GROUP@@providers:org.apache.dubbo.metadata.MetadataService:1.0.0:dubbo-springboot-user-consumer -> []
2023-04-19 16:08:47.515 INFO [restartedMain:c.a.n.c.naming] [SUBSCRIBE-SERVICE] service:providers:org.apache.dubbo.metadata.MetadataService:1.0.0:dubbo-springboot-user-consumer, group:DEFAULT_GROUP, clusters: 
2023-04-19 17:10:14.910 INFO [DubboShutdownHook:c.a.n.c.naming] com.alibaba.nacos.client.naming.cache.ServiceInfoHolder do shutdown begin
2023-04-19 17:10:14.911 INFO [DubboShutdownHook:c.a.n.c.naming] com.alibaba.nacos.client.naming.backups.FailoverReactor do shutdown begin
2023-04-19 17:10:14.911 INFO [DubboShutdownHook:c.a.n.c.naming] com.alibaba.nacos.client.naming.backups.FailoverReactor do shutdown stop
2023-04-19 17:10:14.911 INFO [DubboShutdownHook:c.a.n.c.naming] com.alibaba.nacos.client.naming.cache.ServiceInfoHolder do shutdown stop
2023-04-19 17:10:14.911 INFO [DubboShutdownHook:c.a.n.c.naming] com.alibaba.nacos.client.naming.remote.NamingClientProxyDelegate do shutdown begin
2023-04-19 17:10:14.911 INFO [DubboShutdownHook:c.a.n.c.naming] com.alibaba.nacos.client.naming.core.ServiceInfoUpdateService do shutdown begin
2023-04-19 17:10:14.915 INFO [SpringApplicationShutdownHook:c.a.n.c.naming] [DEREGISTER-SERVICE] public deregistering service consumers:com.example.project.service.UserService:: with instance: Instance{instanceId='null', ip='192.168.3.14', port=0, weight=1.0, healthy=true, enabled=true, ephemeral=true, clusterName='DEFAULT', serviceName='null', metadata={}}
2023-04-19 17:10:15.241 INFO [DubboShutdownHook:c.a.n.c.naming] com.alibaba.nacos.client.naming.core.ServiceInfoUpdateService do shutdown stop
2023-04-19 17:10:15.242 INFO [DubboShutdownHook:c.a.n.c.naming] com.alibaba.nacos.client.naming.core.ServerListManager do shutdown begin
2023-04-19 17:10:15.242 WARN [DubboShutdownHook:c.a.n.c.naming] [NamingHttpClientManager] Start destroying NacosRestTemplate
2023-04-19 17:10:15.242 WARN [DubboShutdownHook:c.a.n.c.naming] [NamingHttpClientManager] Destruction of the end
2023-04-19 17:10:15.242 INFO [DubboShutdownHook:c.a.n.c.naming] com.alibaba.nacos.client.naming.core.ServerListManager do shutdown stop
2023-04-19 17:10:15.242 INFO [DubboShutdownHook:c.a.n.c.naming] com.alibaba.nacos.client.naming.remote.http.NamingHttpClientProxy do shutdown begin
2023-04-19 17:10:15.242 INFO [DubboShutdownHook:c.a.n.c.naming] com.alibaba.nacos.client.naming.beat.BeatReactor do shutdown begin
2023-04-19 17:10:15.242 INFO [DubboShutdownHook:c.a.n.c.naming] com.alibaba.nacos.client.naming.beat.BeatReactor do shutdown stop
2023-04-19 17:10:15.242 WARN [DubboShutdownHook:c.a.n.c.naming] [NamingHttpClientManager] Start destroying NacosRestTemplate
2023-04-19 17:10:15.242 WARN [DubboShutdownHook:c.a.n.c.naming] [NamingHttpClientManager] Destruction of the end
2023-04-19 17:10:15.242 INFO [DubboShutdownHook:c.a.n.c.naming] com.alibaba.nacos.client.naming.remote.http.NamingHttpClientProxy do shutdown stop
2023-04-19 17:10:15.331 INFO [DubboShutdownHook:c.a.n.c.naming] Shutdown grpc redo service executor java.util.concurrent.ScheduledThreadPoolExecutor@4c8b51df[Running, pool size = 1, active threads = 0, queued tasks = 1, completed tasks = 1226]
2023-04-19 17:10:15.333 INFO [DubboShutdownHook:c.a.n.c.naming] com.alibaba.nacos.client.naming.remote.NamingClientProxyDelegate do shutdown stop
2023-04-19 17:10:15.470 INFO [nacos-grpc-client-executor-192.168.3.14-847:c.a.n.c.naming] removed ips(1) service: DEFAULT_GROUP@@providers:com.example.project.service.UserService:: -> [{"ip":"192.168.3.14","port":20880,"weight":1.0,"healthy":true,"enabled":true,"ephemeral":true,"clusterName":"DEFAULT","serviceName":"DEFAULT_GROUP@@providers:com.example.project.service.UserService::","metadata":{"side":"provider","release":"3.0.9","methods":"removeById,ktQuery,lambdaQuery,removeByMap,listByIds,userRegister,updateBatchById,userLogout,saveOrUpdate,query,count,listObjs,isAdmin,list,getMap,getEntityClass,getById,getOne,page,ktUpdate,save,update,getObj,removeBatchByIds,saveOrUpdateBatch,getSafetyUser,remove,getBaseMapper,removeByIds,lambdaUpdate,listMaps,saveBatch,userAdd,getLoginUser,updateById,userLogin,pageMaps,listByMap","deprecated":"false","dubbo":"2.0.2","pid":"10988","interface":"com.example.project.service.UserService","service-name-mapping":"true","generic":"false","path":"com.example.project.service.UserService","protocol":"dubbo","application":"dubbo-springboot-user-consumer","background":"false","dynamic":"true","category":"providers","anyhost":"true","timestamp":"1681890972845"},"instanceHeartBeatTimeOut":15000,"ipDeleteTimeout":30000,"instanceHeartBeatInterval":5000}]
2023-04-19 17:10:15.471 INFO [nacos-grpc-client-executor-192.168.3.14-847:c.a.n.c.naming] current ips:(0) service: DEFAULT_GROUP@@providers:com.example.project.service.UserService:: -> []
2023-04-19 17:35:15.200 INFO [restartedMain:c.a.n.c.naming] initializer namespace from System Property : null
2023-04-19 17:35:15.200 INFO [restartedMain:c.a.n.c.naming] initializer namespace from System Environment :null
2023-04-19 17:35:15.201 INFO [restartedMain:c.a.n.c.naming] initializer namespace from System Property :null
2023-04-19 17:35:15.419 INFO [com.alibaba.nacos.client.remote.worker:c.a.n.c.naming] Grpc connection connect
2023-04-19 17:35:15.657 INFO [restartedMain:c.a.n.c.naming] [REGISTER-SERVICE] public registering service consumers:com.example.project.service.UserService:: with instance Instance{instanceId='null', ip='192.168.3.14', port=0, weight=1.0, healthy=true, enabled=true, ephemeral=true, clusterName='null', serviceName='null', metadata={side=consumer, release=3.0.9, methods=removeById,ktQuery,lambdaQuery,removeByMap,listByIds,userRegister,updateBatchById,userLogout,saveOrUpdate,query,count,listObjs,isAdmin,list,getMap,getEntityClass,getById,getOne,page,ktUpdate,save,update,getObj,removeBatchByIds,saveOrUpdateBatch,getSafetyUser,remove,getBaseMapper,removeByIds,lambdaUpdate,listMaps,saveBatch,userAdd,getLoginUser,updateById,userLogin,pageMaps,listByMap, qos.port=33333, dubbo=2.0.2, pid=8320, check=false, interface=com.example.project.service.UserService, path=com.example.project.service.UserService, protocol=consumer, application=dubbo-springboot-user-consumer, background=false, sticky=false, category=consumers, timestamp=1681896914300}}
2023-04-19 17:35:15.695 INFO [restartedMain:c.a.n.c.naming] [SUBSCRIBE-SERVICE] service:providers:com.example.project.service.UserService::, group:DEFAULT_GROUP, clusters: 
2023-04-19 17:35:15.701 INFO [restartedMain:c.a.n.c.naming] init new ips(1) service: DEFAULT_GROUP@@providers:com.example.project.service.UserService:: -> [{"ip":"192.168.3.14","port":20880,"weight":1.0,"healthy":true,"enabled":true,"ephemeral":true,"clusterName":"DEFAULT","serviceName":"DEFAULT_GROUP@@providers:com.example.project.service.UserService::","metadata":{"side":"provider","release":"3.0.9","methods":"removeById,ktQuery,lambdaQuery,removeByMap,listByIds,userRegister,updateBatchById,userLogout,saveOrUpdate,query,count,listObjs,isAdmin,list,getMap,getEntityClass,getById,getOne,page,ktUpdate,save,update,getObj,removeBatchByIds,saveOrUpdateBatch,getSafetyUser,remove,getBaseMapper,removeByIds,lambdaUpdate,listMaps,saveBatch,userAdd,getLoginUser,updateById,userLogin,pageMaps,listByMap","deprecated":"false","dubbo":"2.0.2","pid":"21552","interface":"com.example.project.service.UserService","service-name-mapping":"true","generic":"false","path":"com.example.project.service.UserService","protocol":"dubbo","application":"dubbo-springboot-user-consumer","background":"false","dynamic":"true","category":"providers","anyhost":"true","timestamp":"1681896831280"},"instanceHeartBeatInterval":5000,"instanceHeartBeatTimeOut":15000,"ipDeleteTimeout":30000}]
2023-04-19 17:35:15.702 INFO [restartedMain:c.a.n.c.naming] current ips:(1) service: DEFAULT_GROUP@@providers:com.example.project.service.UserService:: -> [{"ip":"192.168.3.14","port":20880,"weight":1.0,"healthy":true,"enabled":true,"ephemeral":true,"clusterName":"DEFAULT","serviceName":"DEFAULT_GROUP@@providers:com.example.project.service.UserService::","metadata":{"side":"provider","release":"3.0.9","methods":"removeById,ktQuery,lambdaQuery,removeByMap,listByIds,userRegister,updateBatchById,userLogout,saveOrUpdate,query,count,listObjs,isAdmin,list,getMap,getEntityClass,getById,getOne,page,ktUpdate,save,update,getObj,removeBatchByIds,saveOrUpdateBatch,getSafetyUser,remove,getBaseMapper,removeByIds,lambdaUpdate,listMaps,saveBatch,userAdd,getLoginUser,updateById,userLogin,pageMaps,listByMap","deprecated":"false","dubbo":"2.0.2","pid":"21552","interface":"com.example.project.service.UserService","service-name-mapping":"true","generic":"false","path":"com.example.project.service.UserService","protocol":"dubbo","application":"dubbo-springboot-user-consumer","background":"false","dynamic":"true","category":"providers","anyhost":"true","timestamp":"1681896831280"},"instanceHeartBeatInterval":5000,"instanceHeartBeatTimeOut":15000,"ipDeleteTimeout":30000}]
2023-04-19 17:35:15.703 INFO [restartedMain:c.a.n.c.naming] [SUBSCRIBE-SERVICE] service:providers:com.example.project.service.UserService, group:DEFAULT_GROUP, clusters: 
2023-04-19 17:35:15.706 INFO [restartedMain:c.a.n.c.naming] init new ips(0) service: DEFAULT_GROUP@@providers:com.example.project.service.UserService -> []
2023-04-19 17:35:15.706 INFO [restartedMain:c.a.n.c.naming] current ips:(0) service: DEFAULT_GROUP@@providers:com.example.project.service.UserService -> []
2023-04-19 17:35:15.825 INFO [restartedMain:c.a.n.c.naming] [SUBSCRIBE-SERVICE] service:providers:com.example.project.service.UserService::, group:DEFAULT_GROUP, clusters: 
2023-04-19 17:35:15.825 INFO [restartedMain:c.a.n.c.naming] [SUBSCRIBE-SERVICE] service:providers:com.example.project.service.UserService, group:DEFAULT_GROUP, clusters: 
2023-04-19 17:35:15.862 INFO [restartedMain:c.a.n.c.naming] initializer namespace from System Property : null
2023-04-19 17:35:15.862 INFO [restartedMain:c.a.n.c.naming] initializer namespace from System Environment :null
2023-04-19 17:35:15.862 INFO [restartedMain:c.a.n.c.naming] initializer namespace from System Property :null
2023-04-19 17:35:16.053 INFO [com.alibaba.nacos.client.remote.worker:c.a.n.c.naming] Grpc connection connect
2023-04-19 17:35:16.089 INFO [restartedMain:c.a.n.c.naming] [SUBSCRIBE-SERVICE] service:dubbo-springboot-user-consumer, group:DEFAULT_GROUP, clusters: 
2023-04-19 17:35:16.094 INFO [restartedMain:c.a.n.c.naming] modified ips(1) service: DEFAULT_GROUP@@dubbo-springboot-user-consumer -> [{"ip":"192.168.3.14","port":20880,"weight":1.0,"healthy":true,"enabled":true,"ephemeral":true,"clusterName":"DEFAULT","serviceName":"DEFAULT_GROUP@@dubbo-springboot-user-consumer","metadata":{"dubbo.metadata-service.url-params":"{\"connections\":\"1\",\"version\":\"1.0.0\",\"dubbo\":\"2.0.2\",\"release\":\"3.0.9\",\"side\":\"provider\",\"port\":\"20880\",\"protocol\":\"dubbo\"}","dubbo.endpoints":"[{\"port\":20880,\"protocol\":\"dubbo\"}]","dubbo.metadata.revision":"fa82c1d59560b9d87fb24ebac49b6c3c","dubbo.metadata.storage-type":"local","timestamp":"1681896831280"},"instanceHeartBeatInterval":5000,"instanceHeartBeatTimeOut":15000,"ipDeleteTimeout":30000}]
2023-04-19 17:35:16.094 INFO [restartedMain:c.a.n.c.naming] current ips:(1) service: DEFAULT_GROUP@@dubbo-springboot-user-consumer -> [{"ip":"192.168.3.14","port":20880,"weight":1.0,"healthy":true,"enabled":true,"ephemeral":true,"clusterName":"DEFAULT","serviceName":"DEFAULT_GROUP@@dubbo-springboot-user-consumer","metadata":{"dubbo.metadata-service.url-params":"{\"connections\":\"1\",\"version\":\"1.0.0\",\"dubbo\":\"2.0.2\",\"release\":\"3.0.9\",\"side\":\"provider\",\"port\":\"20880\",\"protocol\":\"dubbo\"}","dubbo.endpoints":"[{\"port\":20880,\"protocol\":\"dubbo\"}]","dubbo.metadata.revision":"fa82c1d59560b9d87fb24ebac49b6c3c","dubbo.metadata.storage-type":"local","timestamp":"1681896831280"},"instanceHeartBeatInterval":5000,"instanceHeartBeatTimeOut":15000,"ipDeleteTimeout":30000}]
2023-04-19 17:35:16.401 INFO [restartedMain:c.a.n.c.naming] [SUBSCRIBE-SERVICE] service:providers:org.apache.dubbo.metadata.MetadataService:1.0.0:dubbo-springboot-user-consumer, group:DEFAULT_GROUP, clusters: 
2023-04-19 17:35:16.404 INFO [restartedMain:c.a.n.c.naming] init new ips(0) service: DEFAULT_GROUP@@providers:org.apache.dubbo.metadata.MetadataService:1.0.0:dubbo-springboot-user-consumer -> []
2023-04-19 17:35:16.405 INFO [restartedMain:c.a.n.c.naming] current ips:(0) service: DEFAULT_GROUP@@providers:org.apache.dubbo.metadata.MetadataService:1.0.0:dubbo-springboot-user-consumer -> []
2023-04-19 17:35:16.405 INFO [restartedMain:c.a.n.c.naming] [SUBSCRIBE-SERVICE] service:providers:org.apache.dubbo.metadata.MetadataService:1.0.0:dubbo-springboot-user-consumer, group:DEFAULT_GROUP, clusters: 
2023-04-19 17:36:58.774 INFO [SpringApplicationShutdownHook:c.a.n.c.naming] [DEREGISTER-SERVICE] public deregistering service consumers:com.example.project.service.UserService:: with instance: Instance{instanceId='null', ip='192.168.3.14', port=0, weight=1.0, healthy=true, enabled=true, ephemeral=true, clusterName='DEFAULT', serviceName='null', metadata={}}
2023-04-19 17:36:58.775 INFO [DubboShutdownHook:c.a.n.c.naming] com.alibaba.nacos.client.naming.cache.ServiceInfoHolder do shutdown begin
2023-04-19 17:36:58.775 INFO [DubboShutdownHook:c.a.n.c.naming] com.alibaba.nacos.client.naming.backups.FailoverReactor do shutdown begin
2023-04-19 17:36:58.775 INFO [DubboShutdownHook:c.a.n.c.naming] com.alibaba.nacos.client.naming.backups.FailoverReactor do shutdown stop
2023-04-19 17:36:58.775 INFO [DubboShutdownHook:c.a.n.c.naming] com.alibaba.nacos.client.naming.cache.ServiceInfoHolder do shutdown stop
2023-04-19 17:36:58.776 INFO [DubboShutdownHook:c.a.n.c.naming] com.alibaba.nacos.client.naming.remote.NamingClientProxyDelegate do shutdown begin
2023-04-19 17:36:58.776 INFO [DubboShutdownHook:c.a.n.c.naming] com.alibaba.nacos.client.naming.core.ServiceInfoUpdateService do shutdown begin
2023-04-19 17:36:59.121 INFO [DubboShutdownHook:c.a.n.c.naming] com.alibaba.nacos.client.naming.core.ServiceInfoUpdateService do shutdown stop
2023-04-19 17:36:59.122 INFO [DubboShutdownHook:c.a.n.c.naming] com.alibaba.nacos.client.naming.core.ServerListManager do shutdown begin
2023-04-19 17:36:59.122 WARN [DubboShutdownHook:c.a.n.c.naming] [NamingHttpClientManager] Start destroying NacosRestTemplate
2023-04-19 17:36:59.122 WARN [DubboShutdownHook:c.a.n.c.naming] [NamingHttpClientManager] Destruction of the end
2023-04-19 17:36:59.122 INFO [DubboShutdownHook:c.a.n.c.naming] com.alibaba.nacos.client.naming.core.ServerListManager do shutdown stop
2023-04-19 17:36:59.122 INFO [DubboShutdownHook:c.a.n.c.naming] com.alibaba.nacos.client.naming.remote.http.NamingHttpClientProxy do shutdown begin
2023-04-19 17:36:59.122 INFO [DubboShutdownHook:c.a.n.c.naming] com.alibaba.nacos.client.naming.beat.BeatReactor do shutdown begin
2023-04-19 17:36:59.122 INFO [DubboShutdownHook:c.a.n.c.naming] com.alibaba.nacos.client.naming.beat.BeatReactor do shutdown stop
2023-04-19 17:36:59.122 WARN [DubboShutdownHook:c.a.n.c.naming] [NamingHttpClientManager] Start destroying NacosRestTemplate
2023-04-19 17:36:59.122 WARN [DubboShutdownHook:c.a.n.c.naming] [NamingHttpClientManager] Destruction of the end
2023-04-19 17:36:59.122 INFO [DubboShutdownHook:c.a.n.c.naming] com.alibaba.nacos.client.naming.remote.http.NamingHttpClientProxy do shutdown stop
2023-04-19 17:36:59.139 INFO [DubboShutdownHook:c.a.n.c.naming] Shutdown grpc redo service executor java.util.concurrent.ScheduledThreadPoolExecutor@59f4fe73[Running, pool size = 1, active threads = 0, queued tasks = 1, completed tasks = 34]
2023-04-19 17:36:59.144 INFO [DubboShutdownHook:c.a.n.c.naming] com.alibaba.nacos.client.naming.remote.NamingClientProxyDelegate do shutdown stop
2023-04-19 17:36:59.348 INFO [nacos-grpc-client-executor-192.168.3.14-40:c.a.n.c.naming] removed ips(1) service: DEFAULT_GROUP@@providers:com.example.project.service.UserService:: -> [{"ip":"192.168.3.14","port":20880,"weight":1.0,"healthy":true,"enabled":true,"ephemeral":true,"clusterName":"DEFAULT","serviceName":"DEFAULT_GROUP@@providers:com.example.project.service.UserService::","metadata":{"side":"provider","release":"3.0.9","methods":"removeById,ktQuery,lambdaQuery,removeByMap,listByIds,userRegister,updateBatchById,userLogout,saveOrUpdate,query,count,listObjs,isAdmin,list,getMap,getEntityClass,getById,getOne,page,ktUpdate,save,update,getObj,removeBatchByIds,saveOrUpdateBatch,getSafetyUser,remove,getBaseMapper,removeByIds,lambdaUpdate,listMaps,saveBatch,userAdd,getLoginUser,updateById,userLogin,pageMaps,listByMap","deprecated":"false","dubbo":"2.0.2","pid":"21552","interface":"com.example.project.service.UserService","service-name-mapping":"true","generic":"false","path":"com.example.project.service.UserService","protocol":"dubbo","application":"dubbo-springboot-user-consumer","background":"false","dynamic":"true","category":"providers","anyhost":"true","timestamp":"1681896831280"},"instanceHeartBeatInterval":5000,"instanceHeartBeatTimeOut":15000,"ipDeleteTimeout":30000}]
2023-04-19 17:36:59.348 INFO [nacos-grpc-client-executor-192.168.3.14-40:c.a.n.c.naming] current ips:(0) service: DEFAULT_GROUP@@providers:com.example.project.service.UserService:: -> []
2023-04-24 21:50:28.862 INFO [restartedMain:c.a.n.c.naming] initializer namespace from System Property : null
2023-04-24 21:50:28.862 INFO [restartedMain:c.a.n.c.naming] initializer namespace from System Environment :null
2023-04-24 21:50:28.862 INFO [restartedMain:c.a.n.c.naming] initializer namespace from System Property :null
2023-04-24 21:50:29.075 INFO [com.alibaba.nacos.client.remote.worker:c.a.n.c.naming] Grpc connection connect
2023-04-24 21:50:29.108 INFO [restartedMain:c.a.n.c.naming] initializer namespace from System Property : null
2023-04-24 21:50:29.108 INFO [restartedMain:c.a.n.c.naming] initializer namespace from System Environment :null
2023-04-24 21:50:29.108 INFO [restartedMain:c.a.n.c.naming] initializer namespace from System Property :null
2023-04-24 21:50:29.297 INFO [com.alibaba.nacos.client.remote.worker:c.a.n.c.naming] Grpc connection connect
2023-04-24 21:50:29.298 INFO [restartedMain:c.a.n.c.naming] [REGISTER-SERVICE] public registering service providers:com.example.project.service.InnerInterfaceInfoService:: with instance Instance{instanceId='null', ip='192.168.3.14', port=20881, weight=1.0, healthy=true, enabled=true, ephemeral=true, clusterName='null', serviceName='null', metadata={side=provider, release=3.0.9, methods=getInterfaceInfo, deprecated=false, dubbo=2.0.2, pid=18124, interface=com.example.project.service.InnerInterfaceInfoService, service-name-mapping=true, generic=false, path=com.example.project.service.InnerInterfaceInfoService, protocol=dubbo, application=dubbo-springboot-user-consumer, background=false, dynamic=true, category=providers, anyhost=true, timestamp=1682344227737}}
2023-04-24 21:50:29.314 INFO [restartedMain:c.a.n.c.naming] [SUBSCRIBE-SERVICE] service:providers:com.example.project.service.InnerInterfaceInfoService::, group:DEFAULT_GROUP, clusters: 
2023-04-24 21:50:29.324 INFO [restartedMain:c.a.n.c.naming] init new ips(1) service: DEFAULT_GROUP@@providers:com.example.project.service.InnerInterfaceInfoService:: -> [{"ip":"192.168.3.14","port":20881,"weight":1.0,"healthy":true,"enabled":true,"ephemeral":true,"clusterName":"DEFAULT","serviceName":"DEFAULT_GROUP@@providers:com.example.project.service.InnerInterfaceInfoService::","metadata":{"side":"provider","release":"3.0.9","methods":"getInterfaceInfo","deprecated":"false","dubbo":"2.0.2","pid":"18124","interface":"com.example.project.service.InnerInterfaceInfoService","service-name-mapping":"true","generic":"false","path":"com.example.project.service.InnerInterfaceInfoService","protocol":"dubbo","application":"dubbo-springboot-user-consumer","background":"false","dynamic":"true","category":"providers","anyhost":"true","timestamp":"1682344227737"},"instanceHeartBeatInterval":5000,"ipDeleteTimeout":30000,"instanceHeartBeatTimeOut":15000}]
2023-04-24 21:50:29.325 INFO [restartedMain:c.a.n.c.naming] current ips:(1) service: DEFAULT_GROUP@@providers:com.example.project.service.InnerInterfaceInfoService:: -> [{"ip":"192.168.3.14","port":20881,"weight":1.0,"healthy":true,"enabled":true,"ephemeral":true,"clusterName":"DEFAULT","serviceName":"DEFAULT_GROUP@@providers:com.example.project.service.InnerInterfaceInfoService::","metadata":{"side":"provider","release":"3.0.9","methods":"getInterfaceInfo","deprecated":"false","dubbo":"2.0.2","pid":"18124","interface":"com.example.project.service.InnerInterfaceInfoService","service-name-mapping":"true","generic":"false","path":"com.example.project.service.InnerInterfaceInfoService","protocol":"dubbo","application":"dubbo-springboot-user-consumer","background":"false","dynamic":"true","category":"providers","anyhost":"true","timestamp":"1682344227737"},"instanceHeartBeatInterval":5000,"ipDeleteTimeout":30000,"instanceHeartBeatTimeOut":15000}]
2023-04-24 21:50:29.328 INFO [restartedMain:c.a.n.c.naming] [SUBSCRIBE-SERVICE] service:providers:com.example.project.service.InnerInterfaceInfoService, group:DEFAULT_GROUP, clusters: 
2023-04-24 21:50:29.332 INFO [restartedMain:c.a.n.c.naming] init new ips(0) service: DEFAULT_GROUP@@providers:com.example.project.service.InnerInterfaceInfoService -> []
2023-04-24 21:50:29.332 INFO [restartedMain:c.a.n.c.naming] current ips:(0) service: DEFAULT_GROUP@@providers:com.example.project.service.InnerInterfaceInfoService -> []
2023-04-24 21:50:29.337 INFO [restartedMain:c.a.n.c.naming] [SUBSCRIBE-SERVICE] service:providers:com.example.project.service.InnerInterfaceInfoService::, group:DEFAULT_GROUP, clusters: 
2023-04-24 21:50:29.337 INFO [restartedMain:c.a.n.c.naming] [SUBSCRIBE-SERVICE] service:providers:com.example.project.service.InnerInterfaceInfoService, group:DEFAULT_GROUP, clusters: 
2023-04-24 21:50:29.702 INFO [restartedMain:c.a.n.c.naming] [REGISTER-SERVICE] public registering service providers:com.example.project.service.InnerUserInterfaceInfoService:: with instance Instance{instanceId='null', ip='192.168.3.14', port=20881, weight=1.0, healthy=true, enabled=true, ephemeral=true, clusterName='null', serviceName='null', metadata={side=provider, release=3.0.9, methods=invokeCount, deprecated=false, dubbo=2.0.2, pid=18124, interface=com.example.project.service.InnerUserInterfaceInfoService, service-name-mapping=true, generic=false, path=com.example.project.service.InnerUserInterfaceInfoService, protocol=dubbo, application=dubbo-springboot-user-consumer, background=false, dynamic=true, category=providers, anyhost=true, timestamp=1682344229485}}
2023-04-24 21:50:29.709 INFO [restartedMain:c.a.n.c.naming] [SUBSCRIBE-SERVICE] service:providers:com.example.project.service.InnerUserInterfaceInfoService::, group:DEFAULT_GROUP, clusters: 
2023-04-24 21:50:29.715 INFO [restartedMain:c.a.n.c.naming] init new ips(1) service: DEFAULT_GROUP@@providers:com.example.project.service.InnerUserInterfaceInfoService:: -> [{"ip":"192.168.3.14","port":20881,"weight":1.0,"healthy":true,"enabled":true,"ephemeral":true,"clusterName":"DEFAULT","serviceName":"DEFAULT_GROUP@@providers:com.example.project.service.InnerUserInterfaceInfoService::","metadata":{"side":"provider","release":"3.0.9","methods":"invokeCount","deprecated":"false","dubbo":"2.0.2","pid":"18124","interface":"com.example.project.service.InnerUserInterfaceInfoService","service-name-mapping":"true","generic":"false","path":"com.example.project.service.InnerUserInterfaceInfoService","protocol":"dubbo","application":"dubbo-springboot-user-consumer","background":"false","dynamic":"true","category":"providers","anyhost":"true","timestamp":"1682344229485"},"instanceHeartBeatInterval":5000,"ipDeleteTimeout":30000,"instanceHeartBeatTimeOut":15000}]
2023-04-24 21:50:29.716 INFO [restartedMain:c.a.n.c.naming] current ips:(1) service: DEFAULT_GROUP@@providers:com.example.project.service.InnerUserInterfaceInfoService:: -> [{"ip":"192.168.3.14","port":20881,"weight":1.0,"healthy":true,"enabled":true,"ephemeral":true,"clusterName":"DEFAULT","serviceName":"DEFAULT_GROUP@@providers:com.example.project.service.InnerUserInterfaceInfoService::","metadata":{"side":"provider","release":"3.0.9","methods":"invokeCount","deprecated":"false","dubbo":"2.0.2","pid":"18124","interface":"com.example.project.service.InnerUserInterfaceInfoService","service-name-mapping":"true","generic":"false","path":"com.example.project.service.InnerUserInterfaceInfoService","protocol":"dubbo","application":"dubbo-springboot-user-consumer","background":"false","dynamic":"true","category":"providers","anyhost":"true","timestamp":"1682344229485"},"instanceHeartBeatInterval":5000,"ipDeleteTimeout":30000,"instanceHeartBeatTimeOut":15000}]
2023-04-24 21:50:29.717 INFO [restartedMain:c.a.n.c.naming] [SUBSCRIBE-SERVICE] service:providers:com.example.project.service.InnerUserInterfaceInfoService, group:DEFAULT_GROUP, clusters: 
2023-04-24 21:50:29.724 INFO [restartedMain:c.a.n.c.naming] init new ips(0) service: DEFAULT_GROUP@@providers:com.example.project.service.InnerUserInterfaceInfoService -> []
2023-04-24 21:50:29.724 INFO [restartedMain:c.a.n.c.naming] current ips:(0) service: DEFAULT_GROUP@@providers:com.example.project.service.InnerUserInterfaceInfoService -> []
2023-04-24 21:50:29.726 INFO [restartedMain:c.a.n.c.naming] [SUBSCRIBE-SERVICE] service:providers:com.example.project.service.InnerUserInterfaceInfoService::, group:DEFAULT_GROUP, clusters: 
2023-04-24 21:50:29.726 INFO [restartedMain:c.a.n.c.naming] [SUBSCRIBE-SERVICE] service:providers:com.example.project.service.InnerUserInterfaceInfoService, group:DEFAULT_GROUP, clusters: 
2023-04-24 21:50:29.824 INFO [restartedMain:c.a.n.c.naming] [REGISTER-SERVICE] public registering service consumers:com.example.project.service.UserService:: with instance Instance{instanceId='null', ip='192.168.3.14', port=0, weight=1.0, healthy=true, enabled=true, ephemeral=true, clusterName='null', serviceName='null', metadata={side=consumer, release=3.0.9, methods=removeById,lambdaQuery,ktQuery,removeByMap,listByIds,userRegister,updateBatchById,userLogout,saveOrUpdate,query,count,listObjs,isAdmin,list,getMap,getEntityClass,getById,getOne,page,ktUpdate,save,update,getObj,removeBatchByIds,saveOrUpdateBatch,getSafetyUser,remove,getBaseMapper,removeByIds,lambdaUpdate,listMaps,saveBatch,userAdd,getLoginUser,updateById,userLogin,pageMaps,listByMap, qos.port=33333, dubbo=2.0.2, pid=18124, check=false, interface=com.example.project.service.UserService, path=com.example.project.service.UserService, protocol=consumer, application=dubbo-springboot-user-consumer, background=false, sticky=false, category=consumers, timestamp=1682344229749}}
2023-04-24 21:50:29.861 INFO [restartedMain:c.a.n.c.naming] [SUBSCRIBE-SERVICE] service:providers:com.example.project.service.UserService::, group:DEFAULT_GROUP, clusters: 
2023-04-24 21:50:29.866 INFO [restartedMain:c.a.n.c.naming] init new ips(1) service: DEFAULT_GROUP@@providers:com.example.project.service.UserService:: -> [{"ip":"192.168.3.14","port":20880,"weight":1.0,"healthy":true,"enabled":true,"ephemeral":true,"clusterName":"DEFAULT","serviceName":"DEFAULT_GROUP@@providers:com.example.project.service.UserService::","metadata":{"side":"provider","release":"3.0.9","methods":"removeById,lambdaQuery,ktQuery,removeByMap,listByIds,userRegister,updateBatchById,userLogout,saveOrUpdate,query,count,listObjs,isAdmin,list,getMap,getEntityClass,getById,getOne,page,ktUpdate,save,update,getObj,removeBatchByIds,saveOrUpdateBatch,getSafetyUser,remove,getBaseMapper,removeByIds,lambdaUpdate,listMaps,saveBatch,userAdd,getLoginUser,updateById,userLogin,pageMaps,listByMap","deprecated":"false","dubbo":"2.0.2","pid":"13408","interface":"com.example.project.service.UserService","service-name-mapping":"true","generic":"false","path":"com.example.project.service.UserService","protocol":"dubbo","application":"dubbo-springboot-user-consumer","background":"false","dynamic":"true","category":"providers","anyhost":"true","timestamp":"1682344113343"},"instanceHeartBeatInterval":5000,"ipDeleteTimeout":30000,"instanceHeartBeatTimeOut":15000}]
2023-04-24 21:50:29.866 INFO [restartedMain:c.a.n.c.naming] current ips:(1) service: DEFAULT_GROUP@@providers:com.example.project.service.UserService:: -> [{"ip":"192.168.3.14","port":20880,"weight":1.0,"healthy":true,"enabled":true,"ephemeral":true,"clusterName":"DEFAULT","serviceName":"DEFAULT_GROUP@@providers:com.example.project.service.UserService::","metadata":{"side":"provider","release":"3.0.9","methods":"removeById,lambdaQuery,ktQuery,removeByMap,listByIds,userRegister,updateBatchById,userLogout,saveOrUpdate,query,count,listObjs,isAdmin,list,getMap,getEntityClass,getById,getOne,page,ktUpdate,save,update,getObj,removeBatchByIds,saveOrUpdateBatch,getSafetyUser,remove,getBaseMapper,removeByIds,lambdaUpdate,listMaps,saveBatch,userAdd,getLoginUser,updateById,userLogin,pageMaps,listByMap","deprecated":"false","dubbo":"2.0.2","pid":"13408","interface":"com.example.project.service.UserService","service-name-mapping":"true","generic":"false","path":"com.example.project.service.UserService","protocol":"dubbo","application":"dubbo-springboot-user-consumer","background":"false","dynamic":"true","category":"providers","anyhost":"true","timestamp":"1682344113343"},"instanceHeartBeatInterval":5000,"ipDeleteTimeout":30000,"instanceHeartBeatTimeOut":15000}]
2023-04-24 21:50:29.867 INFO [restartedMain:c.a.n.c.naming] [SUBSCRIBE-SERVICE] service:providers:com.example.project.service.UserService, group:DEFAULT_GROUP, clusters: 
2023-04-24 21:50:29.871 INFO [restartedMain:c.a.n.c.naming] init new ips(0) service: DEFAULT_GROUP@@providers:com.example.project.service.UserService -> []
2023-04-24 21:50:29.871 INFO [restartedMain:c.a.n.c.naming] current ips:(0) service: DEFAULT_GROUP@@providers:com.example.project.service.UserService -> []
2023-04-24 21:50:29.951 INFO [restartedMain:c.a.n.c.naming] [SUBSCRIBE-SERVICE] service:providers:com.example.project.service.UserService::, group:DEFAULT_GROUP, clusters: 
2023-04-24 21:50:29.952 INFO [restartedMain:c.a.n.c.naming] [SUBSCRIBE-SERVICE] service:providers:com.example.project.service.UserService, group:DEFAULT_GROUP, clusters: 
2023-04-24 21:50:30.184 INFO [restartedMain:c.a.n.c.naming] [SUBSCRIBE-SERVICE] service:dubbo-springboot-user-consumer, group:DEFAULT_GROUP, clusters: 
2023-04-24 21:50:30.192 INFO [restartedMain:c.a.n.c.naming] modified ips(1) service: DEFAULT_GROUP@@dubbo-springboot-user-consumer -> [{"ip":"192.168.3.14","port":20880,"weight":1.0,"healthy":true,"enabled":true,"ephemeral":true,"clusterName":"DEFAULT","serviceName":"DEFAULT_GROUP@@dubbo-springboot-user-consumer","metadata":{"dubbo.metadata-service.url-params":"{\"connections\":\"1\",\"version\":\"1.0.0\",\"dubbo\":\"2.0.2\",\"release\":\"3.0.9\",\"side\":\"provider\",\"port\":\"20880\",\"protocol\":\"dubbo\"}","dubbo.endpoints":"[{\"port\":20880,\"protocol\":\"dubbo\"}]","dubbo.metadata.revision":"34a076e8dc03cb99153338fe5b6e8ca5","dubbo.metadata.storage-type":"local","timestamp":"1682344115224"},"instanceHeartBeatInterval":5000,"ipDeleteTimeout":30000,"instanceHeartBeatTimeOut":15000}]
2023-04-24 21:50:30.200 INFO [restartedMain:c.a.n.c.naming] current ips:(1) service: DEFAULT_GROUP@@dubbo-springboot-user-consumer -> [{"ip":"192.168.3.14","port":20880,"weight":1.0,"healthy":true,"enabled":true,"ephemeral":true,"clusterName":"DEFAULT","serviceName":"DEFAULT_GROUP@@dubbo-springboot-user-consumer","metadata":{"dubbo.metadata-service.url-params":"{\"connections\":\"1\",\"version\":\"1.0.0\",\"dubbo\":\"2.0.2\",\"release\":\"3.0.9\",\"side\":\"provider\",\"port\":\"20880\",\"protocol\":\"dubbo\"}","dubbo.endpoints":"[{\"port\":20880,\"protocol\":\"dubbo\"}]","dubbo.metadata.revision":"34a076e8dc03cb99153338fe5b6e8ca5","dubbo.metadata.storage-type":"local","timestamp":"1682344115224"},"instanceHeartBeatInterval":5000,"ipDeleteTimeout":30000,"instanceHeartBeatTimeOut":15000}]
2023-04-24 21:50:30.489 INFO [restartedMain:c.a.n.c.naming] [SUBSCRIBE-SERVICE] service:providers:org.apache.dubbo.metadata.MetadataService:1.0.0:dubbo-springboot-user-consumer, group:DEFAULT_GROUP, clusters: 
2023-04-24 21:50:30.491 INFO [restartedMain:c.a.n.c.naming] init new ips(0) service: DEFAULT_GROUP@@providers:org.apache.dubbo.metadata.MetadataService:1.0.0:dubbo-springboot-user-consumer -> []
2023-04-24 21:50:30.493 INFO [restartedMain:c.a.n.c.naming] current ips:(0) service: DEFAULT_GROUP@@providers:org.apache.dubbo.metadata.MetadataService:1.0.0:dubbo-springboot-user-consumer -> []
2023-04-24 21:50:30.494 INFO [restartedMain:c.a.n.c.naming] [SUBSCRIBE-SERVICE] service:providers:org.apache.dubbo.metadata.MetadataService:1.0.0:dubbo-springboot-user-consumer, group:DEFAULT_GROUP, clusters: 
2023-04-24 21:50:30.508 INFO [restartedMain:c.a.n.c.naming] [REGISTER-SERVICE] public registering service dubbo-springboot-user-consumer with instance Instance{instanceId='null', ip='192.168.3.14', port=20881, weight=1.0, healthy=true, enabled=true, ephemeral=true, clusterName='null', serviceName='dubbo-springboot-user-consumer', metadata={dubbo.endpoints=[{"port":20881,"protocol":"dubbo"}], dubbo.metadata-service.url-params={"connections":"1","version":"1.0.0","dubbo":"2.0.2","release":"3.0.9","side":"provider","port":"20881","protocol":"dubbo"}, dubbo.metadata.revision=70107b509ada946004992df732da5e47, dubbo.metadata.storage-type=local, timestamp=1682344229485}}
2023-04-24 21:50:30.695 INFO [nacos-grpc-client-executor-192.168.3.14-8:c.a.n.c.naming] new ips(1) service: DEFAULT_GROUP@@dubbo-springboot-user-consumer -> [{"ip":"192.168.3.14","port":20881,"weight":1.0,"healthy":true,"enabled":true,"ephemeral":true,"clusterName":"DEFAULT","serviceName":"DEFAULT_GROUP@@dubbo-springboot-user-consumer","metadata":{"dubbo.metadata-service.url-params":"{\"connections\":\"1\",\"version\":\"1.0.0\",\"dubbo\":\"2.0.2\",\"release\":\"3.0.9\",\"side\":\"provider\",\"port\":\"20881\",\"protocol\":\"dubbo\"}","dubbo.endpoints":"[{\"port\":20881,\"protocol\":\"dubbo\"}]","dubbo.metadata.revision":"70107b509ada946004992df732da5e47","dubbo.metadata.storage-type":"local","timestamp":"1682344229485"},"instanceHeartBeatInterval":5000,"ipDeleteTimeout":30000,"instanceHeartBeatTimeOut":15000}]
2023-04-24 21:50:30.696 INFO [nacos-grpc-client-executor-192.168.3.14-8:c.a.n.c.naming] current ips:(2) service: DEFAULT_GROUP@@dubbo-springboot-user-consumer -> [{"ip":"192.168.3.14","port":20881,"weight":1.0,"healthy":true,"enabled":true,"ephemeral":true,"clusterName":"DEFAULT","serviceName":"DEFAULT_GROUP@@dubbo-springboot-user-consumer","metadata":{"dubbo.metadata-service.url-params":"{\"connections\":\"1\",\"version\":\"1.0.0\",\"dubbo\":\"2.0.2\",\"release\":\"3.0.9\",\"side\":\"provider\",\"port\":\"20881\",\"protocol\":\"dubbo\"}","dubbo.endpoints":"[{\"port\":20881,\"protocol\":\"dubbo\"}]","dubbo.metadata.revision":"70107b509ada946004992df732da5e47","dubbo.metadata.storage-type":"local","timestamp":"1682344229485"},"instanceHeartBeatInterval":5000,"ipDeleteTimeout":30000,"instanceHeartBeatTimeOut":15000},{"ip":"192.168.3.14","port":20880,"weight":1.0,"healthy":true,"enabled":true,"ephemeral":true,"clusterName":"DEFAULT","serviceName":"DEFAULT_GROUP@@dubbo-springboot-user-consumer","metadata":{"dubbo.metadata-service.url-params":"{\"connections\":\"1\",\"version\":\"1.0.0\",\"dubbo\":\"2.0.2\",\"release\":\"3.0.9\",\"side\":\"provider\",\"port\":\"20880\",\"protocol\":\"dubbo\"}","dubbo.endpoints":"[{\"port\":20880,\"protocol\":\"dubbo\"}]","dubbo.metadata.revision":"34a076e8dc03cb99153338fe5b6e8ca5","dubbo.metadata.storage-type":"local","timestamp":"1682344115224"},"instanceHeartBeatInterval":5000,"ipDeleteTimeout":30000,"instanceHeartBeatTimeOut":15000}]
2023-04-24 22:16:38.083 INFO [Thread-2:c.a.n.c.naming] [DEREGISTER-SERVICE] public deregistering service providers:com.example.project.service.InnerInterfaceInfoService:: with instance: Instance{instanceId='null', ip='192.168.3.14', port=20881, weight=1.0, healthy=true, enabled=true, ephemeral=true, clusterName='DEFAULT', serviceName='null', metadata={}}
2023-04-24 22:16:38.086 INFO [Thread-2:c.a.n.c.naming] [DEREGISTER-SERVICE] public deregistering service providers:com.example.project.service.InnerUserInterfaceInfoService:: with instance: Instance{instanceId='null', ip='192.168.3.14', port=20881, weight=1.0, healthy=true, enabled=true, ephemeral=true, clusterName='DEFAULT', serviceName='null', metadata={}}
2023-04-24 22:16:38.089 INFO [Thread-2:c.a.n.c.naming] [DEREGISTER-SERVICE] public deregistering service consumers:com.example.project.service.UserService:: with instance: Instance{instanceId='null', ip='192.168.3.14', port=0, weight=1.0, healthy=true, enabled=true, ephemeral=true, clusterName='DEFAULT', serviceName='null', metadata={}}
2023-04-24 22:16:38.106 INFO [Thread-2:c.a.n.c.naming] com.alibaba.nacos.client.naming.cache.ServiceInfoHolder do shutdown begin
2023-04-24 22:16:38.106 INFO [Thread-2:c.a.n.c.naming] com.alibaba.nacos.client.naming.backups.FailoverReactor do shutdown begin
2023-04-24 22:16:38.106 INFO [Thread-2:c.a.n.c.naming] com.alibaba.nacos.client.naming.backups.FailoverReactor do shutdown stop
2023-04-24 22:16:38.106 INFO [Thread-2:c.a.n.c.naming] com.alibaba.nacos.client.naming.cache.ServiceInfoHolder do shutdown stop
2023-04-24 22:16:38.106 INFO [Thread-2:c.a.n.c.naming] com.alibaba.nacos.client.naming.remote.NamingClientProxyDelegate do shutdown begin
2023-04-24 22:16:38.106 INFO [Thread-2:c.a.n.c.naming] com.alibaba.nacos.client.naming.core.ServiceInfoUpdateService do shutdown begin
2023-04-24 22:16:38.436 INFO [Thread-2:c.a.n.c.naming] com.alibaba.nacos.client.naming.core.ServiceInfoUpdateService do shutdown stop
2023-04-24 22:16:38.436 INFO [Thread-2:c.a.n.c.naming] com.alibaba.nacos.client.naming.core.ServerListManager do shutdown begin
2023-04-24 22:16:38.436 WARN [Thread-2:c.a.n.c.naming] [NamingHttpClientManager] Start destroying NacosRestTemplate
2023-04-24 22:16:38.436 WARN [Thread-2:c.a.n.c.naming] [NamingHttpClientManager] Destruction of the end
2023-04-24 22:16:38.436 INFO [Thread-2:c.a.n.c.naming] com.alibaba.nacos.client.naming.core.ServerListManager do shutdown stop
2023-04-24 22:16:38.436 INFO [Thread-2:c.a.n.c.naming] com.alibaba.nacos.client.naming.remote.http.NamingHttpClientProxy do shutdown begin
2023-04-24 22:16:38.436 INFO [Thread-2:c.a.n.c.naming] com.alibaba.nacos.client.naming.beat.BeatReactor do shutdown begin
2023-04-24 22:16:38.436 INFO [Thread-2:c.a.n.c.naming] com.alibaba.nacos.client.naming.beat.BeatReactor do shutdown stop
2023-04-24 22:16:38.436 WARN [Thread-2:c.a.n.c.naming] [NamingHttpClientManager] Start destroying NacosRestTemplate
2023-04-24 22:16:38.436 WARN [Thread-2:c.a.n.c.naming] [NamingHttpClientManager] Destruction of the end
2023-04-24 22:16:38.436 INFO [Thread-2:c.a.n.c.naming] com.alibaba.nacos.client.naming.remote.http.NamingHttpClientProxy do shutdown stop
2023-04-24 22:16:38.443 INFO [Thread-2:c.a.n.c.naming] Shutdown grpc redo service executor java.util.concurrent.ScheduledThreadPoolExecutor@515dccf8[Running, pool size = 1, active threads = 0, queued tasks = 1, completed tasks = 521]
2023-04-24 22:16:38.444 INFO [Thread-2:c.a.n.c.naming] com.alibaba.nacos.client.naming.remote.NamingClientProxyDelegate do shutdown stop
2023-04-24 22:16:38.660 INFO [nacos-grpc-client-executor-192.168.3.14-481:c.a.n.c.naming] removed ips(1) service: DEFAULT_GROUP@@providers:com.example.project.service.InnerInterfaceInfoService:: -> [{"ip":"192.168.3.14","port":20881,"weight":1.0,"healthy":true,"enabled":true,"ephemeral":true,"clusterName":"DEFAULT","serviceName":"DEFAULT_GROUP@@providers:com.example.project.service.InnerInterfaceInfoService::","metadata":{"side":"provider","release":"3.0.9","methods":"getInterfaceInfo","deprecated":"false","dubbo":"2.0.2","pid":"18124","interface":"com.example.project.service.InnerInterfaceInfoService","service-name-mapping":"true","generic":"false","path":"com.example.project.service.InnerInterfaceInfoService","protocol":"dubbo","application":"dubbo-springboot-user-consumer","background":"false","dynamic":"true","category":"providers","anyhost":"true","timestamp":"1682344227737"},"instanceHeartBeatInterval":5000,"ipDeleteTimeout":30000,"instanceHeartBeatTimeOut":15000}]
2023-04-24 22:16:38.661 INFO [nacos-grpc-client-executor-192.168.3.14-481:c.a.n.c.naming] current ips:(0) service: DEFAULT_GROUP@@providers:com.example.project.service.InnerInterfaceInfoService:: -> []
2023-04-24 22:16:38.674 INFO [nacos-grpc-client-executor-192.168.3.14-482:c.a.n.c.naming] removed ips(1) service: DEFAULT_GROUP@@providers:com.example.project.service.InnerUserInterfaceInfoService:: -> [{"ip":"192.168.3.14","port":20881,"weight":1.0,"healthy":true,"enabled":true,"ephemeral":true,"clusterName":"DEFAULT","serviceName":"DEFAULT_GROUP@@providers:com.example.project.service.InnerUserInterfaceInfoService::","metadata":{"side":"provider","release":"3.0.9","methods":"invokeCount","deprecated":"false","dubbo":"2.0.2","pid":"18124","interface":"com.example.project.service.InnerUserInterfaceInfoService","service-name-mapping":"true","generic":"false","path":"com.example.project.service.InnerUserInterfaceInfoService","protocol":"dubbo","application":"dubbo-springboot-user-consumer","background":"false","dynamic":"true","category":"providers","anyhost":"true","timestamp":"1682344229485"},"instanceHeartBeatInterval":5000,"ipDeleteTimeout":30000,"instanceHeartBeatTimeOut":15000}]
2023-04-24 22:16:38.675 INFO [nacos-grpc-client-executor-192.168.3.14-482:c.a.n.c.naming] current ips:(0) service: DEFAULT_GROUP@@providers:com.example.project.service.InnerUserInterfaceInfoService:: -> []
